[2017-03-29 21:34:39] Executing bootstrap tasks
[2017-03-29 21:34:39] Java(TM) SE Runtime Environment 1.8.0_66-b17
[2017-03-29 21:34:39] Product org.eclipse.products.epp.package.dsl.neon
[2017-03-29 21:34:39] Bundle org.eclipse.oomph.setup 1.6.0.v20161125-0947, build=2790, branch=33010448bcf5775ec23e485876cbb07a0340b9b5
[2017-03-29 21:34:39] Bundle org.eclipse.oomph.setup.core 1.6.0.v20161128-0928, build=2790, branch=33010448bcf5775ec23e485876cbb07a0340b9b5
[2017-03-29 21:34:39] Bundle org.eclipse.oomph.setup.p2 1.6.0.v20161019-0656, build=2790, branch=33010448bcf5775ec23e485876cbb07a0340b9b5
[2017-03-29 21:34:39] Performing P2 Director (Eclipse DSL Tools (Neon))
[2017-03-29 21:34:39] Offline = false
[2017-03-29 21:34:39] Mirrors = true
[2017-03-29 21:34:39] Resolving 10 requirements from 3 repositories to /home/rmemory/xtext_eclipse/dsl-neon/eclipse
[2017-03-29 21:34:39] Requirement epp.package.dsl [4.6.0,4.7.0)
[2017-03-29 21:34:39] Requirement org.eclipse.platform.feature.group [4.6.0,4.7.0)
[2017-03-29 21:34:39] Requirement org.eclipse.rcp.feature.group [4.6.0,4.7.0)
[2017-03-29 21:34:39] Requirement org.eclipse.jdt.feature.group [3.12.0,3.13.0)
[2017-03-29 21:34:39] Requirement org.eclipse.pde.feature.group [3.12.0,3.13.0)
[2017-03-29 21:34:39] Requirement org.eclipse.emf.ecore.xcore.sdk.feature.group
[2017-03-29 21:34:39] Requirement org.eclipse.emf.mwe2.language.sdk.feature.group
[2017-03-29 21:34:39] Requirement org.eclipse.emf.sdk.feature.group
[2017-03-29 21:34:39] Requirement org.eclipse.xtext.sdk.feature.group
[2017-03-29 21:34:39] Requirement org.eclipse.oomph.setup.feature.group
[2017-03-29 21:34:39] Repository http://download.eclipse.org/technology/epp/packages/neon
[2017-03-29 21:34:39] Repository http://download.eclipse.org/releases/neon/201703231000
[2017-03-29 21:34:39] Repository http://download.eclipse.org/oomph/updates/milestone/latest
[2017-03-29 21:34:48] Calculating requirements and dependencies.
[2017-03-29 21:34:49] Computing prerequisite plan
[2017-03-29 21:34:51] Fetching compositeArtifacts.jar from http://download.eclipse.org/oomph/updates/milestone/latest/ (444B)
[2017-03-29 21:34:51] Fetching artifacts.jar from http://download.eclipse.org/oomph/drops/milestone/S20170307-122318-1.7.0-M4/ (6.12kB)
[2017-03-29 21:34:51] Collecting 1 artifacts from http://download.eclipse.org/technology/epp/packages/neon
[2017-03-29 21:34:52] Downloading epp.package.dsl.executable.gtk.linux.x86_64
[2017-03-29 21:34:52] Collected 1 artifacts for http://download.eclipse.org/technology/epp/packages/neon in 0.434s
[2017-03-29 21:34:52] Collecting 3 artifacts from http://download.eclipse.org/releases/neon/201703231000
[2017-03-29 21:34:52] Downloading org.eclipse.platform_root
[2017-03-29 21:34:52] Downloading org.eclipse.rcp_root
[2017-03-29 21:34:52] Downloading org.eclipse.platform.ide.executable.gtk.linux.x86_64
[2017-03-29 21:34:52] Collected 3 artifacts for http://download.eclipse.org/releases/neon/201703231000 in 0.453s
[2017-03-29 21:34:55] Installing a.jre.javase [1.6.0]
[2017-03-29 21:34:55] Installing ch.qos.logback.classic [1.0.7.v20121108-1250]
[2017-03-29 21:34:55] Installing ch.qos.logback.core [1.0.7.v20121108-1250]
[2017-03-29 21:34:55] Installing ch.qos.logback.slf4j [1.0.7.v201505121915]
[2017-03-29 21:34:55] Installing com.google.gson [2.2.4.v201311231704]
[2017-03-29 21:34:55] Installing com.google.guava [15.0.0.v201403281430]
[2017-03-29 21:34:55] Installing com.google.guava.source [15.0.0.v201403281430]
[2017-03-29 21:34:55] Installing com.google.inject [3.0.0.v201605172100]
[2017-03-29 21:34:55] Installing com.google.inject.source [3.0.0.v201605172100]
[2017-03-29 21:34:55] Installing com.gradleware.tooling.client [0.16.0.v20160831165132]
[2017-03-29 21:34:55] Installing com.gradleware.tooling.model [0.16.0.v20160831165132]
[2017-03-29 21:34:55] Installing com.gradleware.tooling.utils [0.16.0.v20160831165132]
[2017-03-29 21:34:55] Installing com.ibm.icu [56.1.0.v201601250100]
[2017-03-29 21:34:55] Installing com.ibm.icu.source [56.1.0.v201601250100]
[2017-03-29 21:34:55] Installing com.jcraft.jsch [0.1.54.v20170116-1932]
[2017-03-29 21:34:55] Installing com.jcraft.jsch.source [0.1.54.v20170116-1932]
[2017-03-29 21:34:55] Installing com.sun.el [2.2.0.v201303151357]
[2017-03-29 21:34:55] Installing com.sun.el.source [2.2.0.v201303151357]
[2017-03-29 21:34:55] Installing config.a.jre.javase [1.6.0]
[2017-03-29 21:34:55] Installing epp.package.dsl [4.6.3.20170314-1500]
[2017-03-29 21:34:55] Installing epp.package.dsl.executable.gtk.linux.x86_64 [4.6.3.20170314-1500]
[2017-03-29 21:34:55] Installing epp.package.dsl.executable.gtk.linux.x86_64.eclipse [4.6.3.20170314-1500]
[2017-03-29 21:34:55] Installing javaewah [1.1.6.v20160919-1400]
[2017-03-29 21:34:55] Installing javax.annotation [1.2.0.v201602091430]
[2017-03-29 21:34:55] Installing javax.annotation.source [1.2.0.v201602091430]
[2017-03-29 21:34:55] Installing javax.el [2.2.0.v201303151357]
[2017-03-29 21:34:55] Installing javax.el.source [2.2.0.v201303151357]
[2017-03-29 21:34:55] Installing javax.inject [1.0.0.v20091030]
[2017-03-29 21:34:55] Installing javax.inject.source [1.0.0.v20091030]
[2017-03-29 21:34:55] Installing javax.servlet [3.1.0.v201410161800]
[2017-03-29 21:34:55] Installing javax.servlet.jsp [2.2.0.v201112011158]
[2017-03-29 21:34:55] Installing javax.servlet.jsp.source [2.2.0.v201112011158]
[2017-03-29 21:34:55] Installing javax.servlet.source [3.1.0.v201410161800]
[2017-03-29 21:34:55] Installing javax.xml [1.3.4.v201005080400]
[2017-03-29 21:34:55] Installing org.antlr.runtime [3.2.0.v201101311130]
[2017-03-29 21:34:55] Installing org.antlr.runtime.source [3.2.0.v201101311130]
[2017-03-29 21:34:55] Installing org.apache.ant [1.9.6.v201510161327]
[2017-03-29 21:34:55] Installing org.apache.ant.source [1.9.6.v201510161327]
[2017-03-29 21:34:55] Installing org.apache.batik.css [1.7.0.v201011041433]
[2017-03-29 21:34:55] Installing org.apache.batik.css.source [1.7.0.v201011041433]
[2017-03-29 21:34:55] Installing org.apache.batik.util [1.7.0.v201011041433]
[2017-03-29 21:34:55] Installing org.apache.batik.util.gui [1.7.0.v200903091627]
[2017-03-29 21:34:55] Installing org.apache.batik.util.gui.source [1.7.0.v200903091627]
[2017-03-29 21:34:55] Installing org.apache.batik.util.source [1.7.0.v201011041433]
[2017-03-29 21:34:55] Installing org.apache.commons.cli [1.2.0.v201404270220]
[2017-03-29 21:34:55] Installing org.apache.commons.codec [1.6.0.v201305230611]
[2017-03-29 21:34:55] Installing org.apache.commons.compress [1.6.0.v201310281400]
[2017-03-29 21:34:55] Installing org.apache.commons.io [2.2.0.v201405211200]
[2017-03-29 21:34:55] Installing org.apache.commons.jxpath [1.3.0.v200911051830]
[2017-03-29 21:34:55] Installing org.apache.commons.jxpath.source [1.3.0.v200911051830]
[2017-03-29 21:34:55] Installing org.apache.commons.lang [2.6.0.v201404270220]
[2017-03-29 21:34:55] Installing org.apache.commons.lang.source [2.6.0.v201404270220]
[2017-03-29 21:34:55] Installing org.apache.commons.lang3 [3.1.0.v201403281430]
[2017-03-29 21:34:55] Installing org.apache.commons.logging [1.1.1.v201101211721]
[2017-03-29 21:34:55] Installing org.apache.commons.logging.source [1.1.1.v201101211721]
[2017-03-29 21:34:55] Installing org.apache.felix.gogo.command [0.10.0.v201209301215]
[2017-03-29 21:34:55] Installing org.apache.felix.gogo.command.source [0.10.0.v201209301215]
[2017-03-29 21:34:55] Installing org.apache.felix.gogo.runtime [0.10.0.v201209301036]
[2017-03-29 21:34:55] Installing org.apache.felix.gogo.runtime.source [0.10.0.v201209301036]
[2017-03-29 21:34:55] Installing org.apache.felix.gogo.shell [0.10.0.v201212101605]
[2017-03-29 21:34:55] Installing org.apache.felix.gogo.shell.source [0.10.0.v201212101605]
[2017-03-29 21:34:55] Installing org.apache.httpcomponents.httpclient [4.3.6.v201511171540]
[2017-03-29 21:34:55] Installing org.apache.httpcomponents.httpcore [4.3.3.v201411290715]
[2017-03-29 21:34:55] Installing org.apache.jasper.glassfish [2.2.2.v201501141630]
[2017-03-29 21:34:55] Installing org.apache.jasper.glassfish.source [2.2.2.v201501141630]
[2017-03-29 21:34:55] Installing org.apache.log4j [1.2.15.v201012070815]
[2017-03-29 21:34:55] Installing org.apache.log4j.source [1.2.15.v201012070815]
[2017-03-29 21:34:55] Installing org.apache.lucene.analysis [3.5.0.v20120725-1805]
[2017-03-29 21:34:55] Installing org.apache.lucene.analysis.source [3.5.0.v20120725-1805]
[2017-03-29 21:34:55] Installing org.apache.lucene.core [3.5.0.v20120725-1805]
[2017-03-29 21:34:55] Installing org.apache.lucene.core.source [3.5.0.v20120725-1805]
[2017-03-29 21:34:55] Installing org.apache.xerces [2.9.0.v201101211617]
[2017-03-29 21:34:55] Installing org.apache.xml.resolver [1.2.0.v201005080400]
[2017-03-29 21:34:55] Installing org.apache.xml.serializer [2.7.1.v201005080400]
[2017-03-29 21:34:55] Installing org.eclipse.ant.core [3.4.100.v20160505-0642]
[2017-03-29 21:34:55] Installing org.eclipse.ant.core.source [3.4.100.v20160505-0642]
[2017-03-29 21:34:55] Installing org.eclipse.ant.launching [1.1.201.v20161115-1135]
[2017-03-29 21:34:55] Installing org.eclipse.ant.launching.source [1.1.201.v20161115-1135]
[2017-03-29 21:34:55] Installing org.eclipse.ant.ui [3.6.201.v20161115-1135]
[2017-03-29 21:34:55] Installing org.eclipse.ant.ui.source [3.6.201.v20161115-1135]
[2017-03-29 21:34:55] Installing org.eclipse.buildship.branding [1.0.21.v20161010-1640]
[2017-03-29 21:34:55] Installing org.eclipse.buildship.core [1.0.21.v20161010-1640]
[2017-03-29 21:34:55] Installing org.eclipse.buildship.feature.group [1.0.21.v20161010-1640]
[2017-03-29 21:34:55] Installing org.eclipse.buildship.feature.jar [1.0.21.v20161010-1640]
[2017-03-29 21:34:55] Installing org.eclipse.buildship.stsmigration [1.0.21.v20161010-1640]
[2017-03-29 21:34:55] Installing org.eclipse.buildship.ui [1.0.21.v20161010-1640]
[2017-03-29 21:34:55] Installing org.eclipse.compare [3.7.1.v20170103-1805]
[2017-03-29 21:34:55] Installing org.eclipse.compare.core [3.6.0.v20160418-1534]
[2017-03-29 21:34:55] Installing org.eclipse.compare.core.source [3.6.0.v20160418-1534]
[2017-03-29 21:34:55] Installing org.eclipse.compare.source [3.7.1.v20170103-1805]
[2017-03-29 21:34:55] Installing org.eclipse.core.commands [3.8.1.v20161221-1651]
[2017-03-29 21:34:55] Installing org.eclipse.core.commands.source [3.8.1.v20161221-1651]
[2017-03-29 21:34:55] Installing org.eclipse.core.contenttype [3.5.100.v20160418-1621]
[2017-03-29 21:34:55] Installing org.eclipse.core.contenttype.source [3.5.100.v20160418-1621]
[2017-03-29 21:34:55] Installing org.eclipse.core.databinding [1.6.0.v20160412-0910]
[2017-03-29 21:34:55] Installing org.eclipse.core.databinding.beans [1.3.100.v20160509-1025]
[2017-03-29 21:34:55] Installing org.eclipse.core.databinding.beans.source [1.3.100.v20160509-1025]
[2017-03-29 21:34:55] Installing org.eclipse.core.databinding.observable [1.6.0.v20160511-1747]
[2017-03-29 21:34:55] Installing org.eclipse.core.databinding.observable.source [1.6.0.v20160511-1747]
[2017-03-29 21:34:55] Installing org.eclipse.core.databinding.property [1.6.0.v20160427-0852]
[2017-03-29 21:34:55] Installing org.eclipse.core.databinding.property.source [1.6.0.v20160427-0852]
[2017-03-29 21:34:55] Installing org.eclipse.core.databinding.source [1.6.0.v20160412-0910]
[2017-03-29 21:34:55] Installing org.eclipse.core.expressions [3.5.100.v20160418-1621]
[2017-03-29 21:34:55] Installing org.eclipse.core.expressions.source [3.5.100.v20160418-1621]
[2017-03-29 21:34:55] Installing org.eclipse.core.externaltools [1.0.400.v20160509-1057]
[2017-03-29 21:34:55] Installing org.eclipse.core.externaltools.source [1.0.400.v20160509-1057]
[2017-03-29 21:34:55] Installing org.eclipse.core.filebuffers [3.6.0.v20160503-1849]
[2017-03-29 21:34:55] Installing org.eclipse.core.filebuffers.source [3.6.0.v20160503-1849]
[2017-03-29 21:34:55] Installing org.eclipse.core.filesystem [1.6.1.v20161113-2349]
[2017-03-29 21:34:55] Installing org.eclipse.core.filesystem.linux.x86_64 [1.2.200.v20140124-1940]
[2017-03-29 21:34:55] Installing org.eclipse.core.filesystem.source [1.6.1.v20161113-2349]
[2017-03-29 21:34:55] Installing org.eclipse.core.jobs [3.8.0.v20160509-0411]
[2017-03-29 21:34:55] Installing org.eclipse.core.jobs.source [3.8.0.v20160509-0411]
[2017-03-29 21:34:55] Installing org.eclipse.core.net [1.3.0.v20160418-1534]
[2017-03-29 21:34:55] Installing org.eclipse.core.net.linux.x86_64 [1.2.0.v20160323-1650]
[2017-03-29 21:34:55] Installing org.eclipse.core.net.source [1.3.0.v20160418-1534]
[2017-03-29 21:34:55] Installing org.eclipse.core.resources [3.11.1.v20161107-2032]
[2017-03-29 21:34:55] Installing org.eclipse.core.resources.source [3.11.1.v20161107-2032]
[2017-03-29 21:34:55] Installing org.eclipse.core.runtime [3.12.0.v20160606-1342]
[2017-03-29 21:34:55] Installing org.eclipse.core.runtime.source [3.12.0.v20160606-1342]
[2017-03-29 21:34:55] Installing org.eclipse.core.variables [3.3.0.v20160419-1720]
[2017-03-29 21:34:55] Installing org.eclipse.core.variables.source [3.3.0.v20160419-1720]
[2017-03-29 21:34:55] Installing org.eclipse.cvs [1.4.302.v20170301-0400]
[2017-03-29 21:34:55] Installing org.eclipse.cvs.feature.group [1.4.302.v20170301-0400]
[2017-03-29 21:34:55] Installing org.eclipse.cvs.feature.jar [1.4.302.v20170301-0400]
[2017-03-29 21:34:55] Installing org.eclipse.cvs.source.feature.group [1.4.302.v20170301-0400]
[2017-03-29 21:34:55] Installing org.eclipse.cvs.source.feature.jar [1.4.302.v20170301-0400]
[2017-03-29 21:34:55] Installing org.eclipse.debug.core [3.10.100.v20160419-1720]
[2017-03-29 21:34:55] Installing org.eclipse.debug.core.source [3.10.100.v20160419-1720]
[2017-03-29 21:34:55] Installing org.eclipse.debug.ui [3.11.202.v20161114-0338]
[2017-03-29 21:34:55] Installing org.eclipse.debug.ui.source [3.11.202.v20161114-0338]
[2017-03-29 21:34:55] Installing org.eclipse.draw2d [3.10.100.201606061308]
[2017-03-29 21:34:55] Installing org.eclipse.e4.core.commands [0.11.100.v20160506-0804]
[2017-03-29 21:34:55] Installing org.eclipse.e4.core.commands.source [0.11.100.v20160506-0804]
[2017-03-29 21:34:55] Installing org.eclipse.e4.core.contexts [1.5.1.v20170203-1100]
[2017-03-29 21:34:55] Installing org.eclipse.e4.core.contexts.source [1.5.1.v20170203-1100]
[2017-03-29 21:34:55] Installing org.eclipse.e4.core.di [1.6.1.v20160712-0927]
[2017-03-29 21:34:55] Installing org.eclipse.e4.core.di.annotations [1.5.0.v20151127-1241]
[2017-03-29 21:34:55] Installing org.eclipse.e4.core.di.annotations.source [1.5.0.v20151127-1241]
[2017-03-29 21:34:55] Installing org.eclipse.e4.core.di.extensions [0.14.0.v20160211-1614]
[2017-03-29 21:34:55] Installing org.eclipse.e4.core.di.extensions.source [0.14.0.v20160211-1614]
[2017-03-29 21:34:55] Installing org.eclipse.e4.core.di.source [1.6.1.v20160712-0927]
[2017-03-29 21:34:55] Installing org.eclipse.e4.core.services [2.0.100.v20160509-1032]
[2017-03-29 21:34:55] Installing org.eclipse.e4.core.services.source [2.0.100.v20160509-1032]
[2017-03-29 21:34:55] Installing org.eclipse.e4.emf.xpath [0.1.200.v20160506-0804]
[2017-03-29 21:34:55] Installing org.eclipse.e4.emf.xpath.source [0.1.200.v20160506-0804]
[2017-03-29 21:34:55] Installing org.eclipse.e4.rcp.feature.group [1.5.3.v20170228-0512]
[2017-03-29 21:34:55] Installing org.eclipse.e4.rcp.feature.jar [1.5.3.v20170228-0512]
[2017-03-29 21:34:55] Installing org.eclipse.e4.rcp.source.feature.group [1.5.3.v20170228-0512]
[2017-03-29 21:34:55] Installing org.eclipse.e4.rcp.source.feature.jar [1.5.3.v20170228-0512]
[2017-03-29 21:34:55] Installing org.eclipse.e4.ui.bindings [0.11.100.v20160509-1025]
[2017-03-29 21:34:55] Installing org.eclipse.e4.ui.bindings.source [0.11.100.v20160509-1025]
[2017-03-29 21:34:55] Installing org.eclipse.e4.ui.css.core [0.12.1.v20161114-0210]
[2017-03-29 21:34:55] Installing org.eclipse.e4.ui.css.core.source [0.12.1.v20161114-0210]
[2017-03-29 21:34:55] Installing org.eclipse.e4.ui.css.swt [0.12.100.v20160517-1505]
[2017-03-29 21:34:55] Installing org.eclipse.e4.ui.css.swt.source [0.12.100.v20160517-1505]
[2017-03-29 21:34:55] Installing org.eclipse.e4.ui.css.swt.theme [0.10.100.v20160523-0836]
[2017-03-29 21:34:55] Installing org.eclipse.e4.ui.css.swt.theme.source [0.10.100.v20160523-0836]
[2017-03-29 21:34:55] Installing org.eclipse.e4.ui.di [1.1.100.v20160506-0759]
[2017-03-29 21:34:55] Installing org.eclipse.e4.ui.di.source [1.1.100.v20160506-0759]
[2017-03-29 21:34:55] Installing org.eclipse.e4.ui.dialogs [1.1.0.v20151127-1218]
[2017-03-29 21:34:55] Installing org.eclipse.e4.ui.dialogs.source [1.1.0.v20151127-1218]
[2017-03-29 21:34:55] Installing org.eclipse.e4.ui.model.workbench [1.2.0.v20160229-1459]
[2017-03-29 21:34:55] Installing org.eclipse.e4.ui.model.workbench.source [1.2.0.v20160229-1459]
[2017-03-29 21:34:55] Installing org.eclipse.e4.ui.services [1.2.100.v20160506-0759]
[2017-03-29 21:34:55] Installing org.eclipse.e4.ui.services.source [1.2.100.v20160506-0759]
[2017-03-29 21:34:55] Installing org.eclipse.e4.ui.swt.gtk [1.0.100.v20160301-1001]
[2017-03-29 21:34:55] Installing org.eclipse.e4.ui.swt.gtk.source [1.0.100.v20160301-1001]
[2017-03-29 21:34:55] Installing org.eclipse.e4.ui.widgets [1.1.100.v20160506-0759]
[2017-03-29 21:34:55] Installing org.eclipse.e4.ui.widgets.source [1.1.100.v20160506-0759]
[2017-03-29 21:34:55] Installing org.eclipse.e4.ui.workbench [1.4.0.v20160517-1624]
[2017-03-29 21:34:55] Installing org.eclipse.e4.ui.workbench.addons.swt [1.2.101.v20170206-1129]
[2017-03-29 21:34:55] Installing org.eclipse.e4.ui.workbench.addons.swt.source [1.2.101.v20170206-1129]
[2017-03-29 21:34:55] Installing org.eclipse.e4.ui.workbench.renderers.swt [0.14.1.v20170117-1415]
[2017-03-29 21:34:55] Installing org.eclipse.e4.ui.workbench.renderers.swt.source [0.14.1.v20170117-1415]
[2017-03-29 21:34:55] Installing org.eclipse.e4.ui.workbench.source [1.4.0.v20160517-1624]
[2017-03-29 21:34:55] Installing org.eclipse.e4.ui.workbench.swt [0.14.1.v20160829-0832]
[2017-03-29 21:34:55] Installing org.eclipse.e4.ui.workbench.swt.source [0.14.1.v20160829-0832]
[2017-03-29 21:34:55] Installing org.eclipse.e4.ui.workbench3 [0.13.100.v20160506-0759]
[2017-03-29 21:34:55] Installing org.eclipse.e4.ui.workbench3.source [0.13.100.v20160506-0759]
[2017-03-29 21:34:55] Installing org.eclipse.ecf [3.8.0.v20160823-2221]
[2017-03-29 21:34:55] Installing org.eclipse.ecf.core.feature.feature.group [1.3.0.v20160823-2221]
[2017-03-29 21:34:55] Installing org.eclipse.ecf.core.feature.feature.jar [1.3.0.v20160823-2221]
[2017-03-29 21:34:55] Installing org.eclipse.ecf.core.source.feature.feature.group [1.3.0.v20160823-2221]
[2017-03-29 21:34:55] Installing org.eclipse.ecf.core.source.feature.feature.jar [1.3.0.v20160823-2221]
[2017-03-29 21:34:55] Installing org.eclipse.ecf.core.ssl.feature.feature.group [1.1.0.v20160823-2221]
[2017-03-29 21:34:55] Installing org.eclipse.ecf.core.ssl.feature.feature.jar [1.1.0.v20160823-2221]
[2017-03-29 21:34:55] Installing org.eclipse.ecf.core.ssl.source.feature.feature.group [1.1.0.v20160823-2221]
[2017-03-29 21:34:55] Installing org.eclipse.ecf.core.ssl.source.feature.feature.jar [1.1.0.v20160823-2221]
[2017-03-29 21:34:55] Installing org.eclipse.ecf.filetransfer [5.0.0.v20160823-2221]
[2017-03-29 21:34:55] Installing org.eclipse.ecf.filetransfer.feature.feature.group [3.13.2.v20160823-2221]
[2017-03-29 21:34:55] Installing org.eclipse.ecf.filetransfer.feature.feature.jar [3.13.2.v20160823-2221]
[2017-03-29 21:34:55] Installing org.eclipse.ecf.filetransfer.httpclient4.feature.feature.group [3.13.2.v20160823-2221]
[2017-03-29 21:34:55] Installing org.eclipse.ecf.filetransfer.httpclient4.feature.feature.jar [3.13.2.v20160823-2221]
[2017-03-29 21:34:55] Installing org.eclipse.ecf.filetransfer.httpclient4.source.feature.feature.group [3.13.2.v20160823-2221]
[2017-03-29 21:34:55] Installing org.eclipse.ecf.filetransfer.httpclient4.source.feature.feature.jar [3.13.2.v20160823-2221]
[2017-03-29 21:34:55] Installing org.eclipse.ecf.filetransfer.httpclient4.ssl.feature.feature.group [1.1.0.v20160823-2221]
[2017-03-29 21:34:55] Installing org.eclipse.ecf.filetransfer.httpclient4.ssl.feature.feature.jar [1.1.0.v20160823-2221]
[2017-03-29 21:34:55] Installing org.eclipse.ecf.filetransfer.httpclient4.ssl.source.feature.feature.group [1.1.0.v20160823-2221]
[2017-03-29 21:34:55] Installing org.eclipse.ecf.filetransfer.httpclient4.ssl.source.feature.feature.jar [1.1.0.v20160823-2221]
[2017-03-29 21:34:55] Installing org.eclipse.ecf.filetransfer.source [5.0.0.v20160823-2221]
[2017-03-29 21:34:55] Installing org.eclipse.ecf.filetransfer.source.feature.feature.group [3.13.2.v20160823-2221]
[2017-03-29 21:34:55] Installing org.eclipse.ecf.filetransfer.source.feature.feature.jar [3.13.2.v20160823-2221]
[2017-03-29 21:34:55] Installing org.eclipse.ecf.filetransfer.ssl.feature.feature.group [1.1.0.v20160823-2221]
[2017-03-29 21:34:55] Installing org.eclipse.ecf.filetransfer.ssl.feature.feature.jar [1.1.0.v20160823-2221]
[2017-03-29 21:34:55] Installing org.eclipse.ecf.filetransfer.ssl.source.feature.feature.group [1.1.0.v20160823-2221]
[2017-03-29 21:34:55] Installing org.eclipse.ecf.filetransfer.ssl.source.feature.feature.jar [1.1.0.v20160823-2221]
[2017-03-29 21:34:55] Installing org.eclipse.ecf.identity [3.7.0.v20160823-2221]
[2017-03-29 21:34:55] Installing org.eclipse.ecf.identity.source [3.7.0.v20160823-2221]
[2017-03-29 21:34:55] Installing org.eclipse.ecf.provider.filetransfer [3.2.200.v20160823-2221]
[2017-03-29 21:34:55] Installing org.eclipse.ecf.provider.filetransfer.httpclient4 [1.1.100.v20160823-2221]
[2017-03-29 21:34:55] Installing org.eclipse.ecf.provider.filetransfer.httpclient4.source [1.1.100.v20160823-2221]
[2017-03-29 21:34:55] Installing org.eclipse.ecf.provider.filetransfer.httpclient4.ssl [1.1.0.v20160823-2221]
[2017-03-29 21:34:55] Installing org.eclipse.ecf.provider.filetransfer.httpclient4.ssl.source [1.1.0.v20160823-2221]
[2017-03-29 21:34:55] Installing org.eclipse.ecf.provider.filetransfer.source [3.2.200.v20160823-2221]
[2017-03-29 21:34:55] Installing org.eclipse.ecf.provider.filetransfer.ssl [1.0.0.v20160823-2221]
[2017-03-29 21:34:55] Installing org.eclipse.ecf.provider.filetransfer.ssl.source [1.0.0.v20160823-2221]
[2017-03-29 21:34:55] Installing org.eclipse.ecf.source [3.8.0.v20160823-2221]
[2017-03-29 21:34:55] Installing org.eclipse.ecf.ssl [1.2.0.v20160823-2221]
[2017-03-29 21:34:55] Installing org.eclipse.ecf.ssl.source [1.2.0.v20160823-2221]
[2017-03-29 21:34:55] Installing org.eclipse.egit [4.6.1.201703071140-r]
[2017-03-29 21:34:55] Installing org.eclipse.egit.core [4.6.1.201703071140-r]
[2017-03-29 21:34:55] Installing org.eclipse.egit.doc [4.6.1.201703071140-r]
[2017-03-29 21:34:55] Installing org.eclipse.egit.feature.group [4.6.1.201703071140-r]
[2017-03-29 21:34:55] Installing org.eclipse.egit.feature.jar [4.6.1.201703071140-r]
[2017-03-29 21:34:55] Installing org.eclipse.egit.ui [4.6.1.201703071140-r]
[2017-03-29 21:34:55] Installing org.eclipse.emf [2.6.0.v20160526-0356]
[2017-03-29 21:34:55] Installing org.eclipse.emf.ant [2.8.0.v20160526-0356]
[2017-03-29 21:34:55] Installing org.eclipse.emf.ant.source [2.8.0.v20160526-0356]
[2017-03-29 21:34:55] Installing org.eclipse.emf.cheatsheets [2.5.0.v20160526-0356]
[2017-03-29 21:34:55] Installing org.eclipse.emf.cheatsheets.source [2.5.0.v20160526-0356]
[2017-03-29 21:34:55] Installing org.eclipse.emf.codegen [2.11.0.v20160526-0356]
[2017-03-29 21:34:55] Installing org.eclipse.emf.codegen.ecore [2.12.0.v20160526-0356]
[2017-03-29 21:34:55] Installing org.eclipse.emf.codegen.ecore.feature.group [2.12.0.v20160526-0356]
[2017-03-29 21:34:55] Installing org.eclipse.emf.codegen.ecore.feature.jar [2.12.0.v20160526-0356]
[2017-03-29 21:34:55] Installing org.eclipse.emf.codegen.ecore.source [2.12.0.v20160526-0356]
[2017-03-29 21:34:55] Installing org.eclipse.emf.codegen.ecore.source.feature.group [2.12.0.v20160526-0356]
[2017-03-29 21:34:55] Installing org.eclipse.emf.codegen.ecore.source.feature.jar [2.12.0.v20160526-0356]
[2017-03-29 21:34:55] Installing org.eclipse.emf.codegen.ecore.ui [2.12.0.v20160526-0356]
[2017-03-29 21:34:55] Installing org.eclipse.emf.codegen.ecore.ui.feature.group [2.12.0.v20160526-0356]
[2017-03-29 21:34:55] Installing org.eclipse.emf.codegen.ecore.ui.feature.jar [2.12.0.v20160526-0356]
[2017-03-29 21:34:55] Installing org.eclipse.emf.codegen.ecore.ui.source [2.12.0.v20160526-0356]
[2017-03-29 21:34:55] Installing org.eclipse.emf.codegen.ecore.ui.source.feature.group [2.12.0.v20160526-0356]
[2017-03-29 21:34:55] Installing org.eclipse.emf.codegen.ecore.ui.source.feature.jar [2.12.0.v20160526-0356]
[2017-03-29 21:34:55] Installing org.eclipse.emf.codegen.ecore.xtext [1.2.0.v20160526-0606]
[2017-03-29 21:34:55] Installing org.eclipse.emf.codegen.ecore.xtext.source [1.2.0.v20160526-0606]
[2017-03-29 21:34:55] Installing org.eclipse.emf.codegen.ecore.xtext.ui [1.0.100.v20160526-0606]
[2017-03-29 21:34:55] Installing org.eclipse.emf.codegen.ecore.xtext.ui.source [1.0.100.v20160526-0606]
[2017-03-29 21:34:55] Installing org.eclipse.emf.codegen.feature.group [2.11.0.v20160526-0356]
[2017-03-29 21:34:55] Installing org.eclipse.emf.codegen.feature.jar [2.11.0.v20160526-0356]
[2017-03-29 21:34:55] Installing org.eclipse.emf.codegen.source [2.11.0.v20160526-0356]
[2017-03-29 21:34:55] Installing org.eclipse.emf.codegen.source.feature.group [2.11.0.v20160526-0356]
[2017-03-29 21:34:55] Installing org.eclipse.emf.codegen.source.feature.jar [2.11.0.v20160526-0356]
[2017-03-29 21:34:55] Installing org.eclipse.emf.codegen.ui [2.6.0.v20160526-0356]
[2017-03-29 21:34:55] Installing org.eclipse.emf.codegen.ui.feature.group [2.8.0.v20160526-0356]
[2017-03-29 21:34:55] Installing org.eclipse.emf.codegen.ui.feature.jar [2.8.0.v20160526-0356]
[2017-03-29 21:34:55] Installing org.eclipse.emf.codegen.ui.source [2.6.0.v20160526-0356]
[2017-03-29 21:34:55] Installing org.eclipse.emf.codegen.ui.source.feature.group [2.8.0.v20160526-0356]
[2017-03-29 21:34:55] Installing org.eclipse.emf.codegen.ui.source.feature.jar [2.8.0.v20160526-0356]
[2017-03-29 21:34:55] Installing org.eclipse.emf.common [2.12.0.v20160420-0247]
[2017-03-29 21:34:55] Installing org.eclipse.emf.common.feature.group [2.12.0.v20160420-0247]
[2017-03-29 21:34:55] Installing org.eclipse.emf.common.feature.jar [2.12.0.v20160420-0247]
[2017-03-29 21:34:55] Installing org.eclipse.emf.common.source [2.12.0.v20160420-0247]
[2017-03-29 21:34:55] Installing org.eclipse.emf.common.source.feature.group [2.12.0.v20160420-0247]
[2017-03-29 21:34:55] Installing org.eclipse.emf.common.source.feature.jar [2.12.0.v20160420-0247]
[2017-03-29 21:34:55] Installing org.eclipse.emf.common.ui [2.11.0.v20160526-0356]
[2017-03-29 21:34:55] Installing org.eclipse.emf.common.ui.feature.group [2.11.0.v20160526-0356]
[2017-03-29 21:34:55] Installing org.eclipse.emf.common.ui.feature.jar [2.11.0.v20160526-0356]
[2017-03-29 21:34:55] Installing org.eclipse.emf.common.ui.source [2.11.0.v20160526-0356]
[2017-03-29 21:34:55] Installing org.eclipse.emf.common.ui.source.feature.group [2.11.0.v20160526-0356]
[2017-03-29 21:34:55] Installing org.eclipse.emf.common.ui.source.feature.jar [2.11.0.v20160526-0356]
[2017-03-29 21:34:55] Installing org.eclipse.emf.converter [2.7.0.v20160526-0356]
[2017-03-29 21:34:55] Installing org.eclipse.emf.converter.feature.group [2.11.0.v20160526-0356]
[2017-03-29 21:34:55] Installing org.eclipse.emf.converter.feature.jar [2.11.0.v20160526-0356]
[2017-03-29 21:34:55] Installing org.eclipse.emf.converter.source [2.7.0.v20160526-0356]
[2017-03-29 21:34:55] Installing org.eclipse.emf.converter.source.feature.group [2.11.0.v20160526-0356]
[2017-03-29 21:34:55] Installing org.eclipse.emf.converter.source.feature.jar [2.11.0.v20160526-0356]
[2017-03-29 21:34:55] Installing org.eclipse.emf.databinding [1.3.0.v20160526-0356]
[2017-03-29 21:34:55] Installing org.eclipse.emf.databinding.edit [1.3.0.v20160526-0356]
[2017-03-29 21:34:55] Installing org.eclipse.emf.databinding.edit.feature.group [1.4.0.v20160526-0356]
[2017-03-29 21:34:55] Installing org.eclipse.emf.databinding.edit.feature.jar [1.4.0.v20160526-0356]
[2017-03-29 21:34:55] Installing org.eclipse.emf.databinding.edit.source [1.3.0.v20160526-0356]
[2017-03-29 21:34:55] Installing org.eclipse.emf.databinding.edit.source.feature.group [1.4.0.v20160526-0356]
[2017-03-29 21:34:55] Installing org.eclipse.emf.databinding.edit.source.feature.jar [1.4.0.v20160526-0356]
[2017-03-29 21:34:55] Installing org.eclipse.emf.databinding.feature.group [1.4.0.v20160526-0356]
[2017-03-29 21:34:55] Installing org.eclipse.emf.databinding.feature.jar [1.4.0.v20160526-0356]
[2017-03-29 21:34:55] Installing org.eclipse.emf.databinding.source [1.3.0.v20160526-0356]
[2017-03-29 21:34:55] Installing org.eclipse.emf.databinding.source.feature.group [1.4.0.v20160526-0356]
[2017-03-29 21:34:55] Installing org.eclipse.emf.databinding.source.feature.jar [1.4.0.v20160526-0356]
[2017-03-29 21:34:55] Installing org.eclipse.emf.doc [2.9.0.v20160526-0356]
[2017-03-29 21:34:55] Installing org.eclipse.emf.doc.feature.group [2.11.0.v20160526-0356]
[2017-03-29 21:34:55] Installing org.eclipse.emf.doc.feature.jar [2.11.0.v20160526-0356]
[2017-03-29 21:34:55] Installing org.eclipse.emf.doc.source.feature.group [2.11.0.v20160526-0356]
[2017-03-29 21:34:55] Installing org.eclipse.emf.doc.source.feature.jar [2.11.0.v20160526-0356]
[2017-03-29 21:34:55] Installing org.eclipse.emf.ecore [2.12.0.v20160420-0247]
[2017-03-29 21:34:55] Installing org.eclipse.emf.ecore.change [2.11.0.v20160420-0247]
[2017-03-29 21:34:55] Installing org.eclipse.emf.ecore.change.edit [2.6.0.v20160526-0356]
[2017-03-29 21:34:55] Installing org.eclipse.emf.ecore.change.edit.source [2.6.0.v20160526-0356]
[2017-03-29 21:34:55] Installing org.eclipse.emf.ecore.change.source [2.11.0.v20160420-0247]
[2017-03-29 21:34:55] Installing org.eclipse.emf.ecore.edit [2.9.0.v20160526-0356]
[2017-03-29 21:34:55] Installing org.eclipse.emf.ecore.edit.feature.group [2.9.0.v20160526-0356]
[2017-03-29 21:34:55] Installing org.eclipse.emf.ecore.edit.feature.jar [2.9.0.v20160526-0356]
[2017-03-29 21:34:55] Installing org.eclipse.emf.ecore.edit.source [2.9.0.v20160526-0356]
[2017-03-29 21:34:55] Installing org.eclipse.emf.ecore.edit.source.feature.group [2.9.0.v20160526-0356]
[2017-03-29 21:34:55] Installing org.eclipse.emf.ecore.edit.source.feature.jar [2.9.0.v20160526-0356]
[2017-03-29 21:34:55] Installing org.eclipse.emf.ecore.editor [2.12.0.v20160526-0356]
[2017-03-29 21:34:55] Installing org.eclipse.emf.ecore.editor.feature.group [2.12.0.v20160526-0356]
[2017-03-29 21:34:55] Installing org.eclipse.emf.ecore.editor.feature.jar [2.12.0.v20160526-0356]
[2017-03-29 21:34:55] Installing org.eclipse.emf.ecore.editor.source [2.12.0.v20160526-0356]
[2017-03-29 21:34:55] Installing org.eclipse.emf.ecore.editor.source.feature.group [2.12.0.v20160526-0356]
[2017-03-29 21:34:55] Installing org.eclipse.emf.ecore.editor.source.feature.jar [2.12.0.v20160526-0356]
[2017-03-29 21:34:55] Installing org.eclipse.emf.ecore.feature.group [2.12.0.v20160420-0247]
[2017-03-29 21:34:55] Installing org.eclipse.emf.ecore.feature.jar [2.12.0.v20160420-0247]
[2017-03-29 21:34:55] Installing org.eclipse.emf.ecore.source [2.12.0.v20160420-0247]
[2017-03-29 21:34:55] Installing org.eclipse.emf.ecore.source.feature.group [2.12.0.v20160420-0247]
[2017-03-29 21:34:55] Installing org.eclipse.emf.ecore.source.feature.jar [2.12.0.v20160420-0247]
[2017-03-29 21:34:55] Installing org.eclipse.emf.ecore.xcore [1.4.0.v20160526-0606]
[2017-03-29 21:34:55] Installing org.eclipse.emf.ecore.xcore.edit [1.1.100.v20160526-0606]
[2017-03-29 21:34:55] Installing org.eclipse.emf.ecore.xcore.edit.source [1.1.100.v20160526-0606]
[2017-03-29 21:34:55] Installing org.eclipse.emf.ecore.xcore.exporter [1.4.0.v20160526-0606]
[2017-03-29 21:34:55] Installing org.eclipse.emf.ecore.xcore.exporter.source [1.4.0.v20160526-0606]
[2017-03-29 21:34:55] Installing org.eclipse.emf.ecore.xcore.feature.group [1.4.0.v20160526-0606]
[2017-03-29 21:34:55] Installing org.eclipse.emf.ecore.xcore.feature.jar [1.4.0.v20160526-0606]
[2017-03-29 21:34:55] Installing org.eclipse.emf.ecore.xcore.importer [1.2.100.v20160526-0606]
[2017-03-29 21:34:55] Installing org.eclipse.emf.ecore.xcore.importer.source [1.2.100.v20160526-0606]
[2017-03-29 21:34:55] Installing org.eclipse.emf.ecore.xcore.lib [1.1.100.v20160526-0606]
[2017-03-29 21:34:55] Installing org.eclipse.emf.ecore.xcore.lib.feature.group [1.2.100.v20160526-0606]
[2017-03-29 21:34:55] Installing org.eclipse.emf.ecore.xcore.lib.feature.jar [1.2.100.v20160526-0606]
[2017-03-29 21:34:55] Installing org.eclipse.emf.ecore.xcore.lib.source [1.1.100.v20160526-0606]
[2017-03-29 21:34:55] Installing org.eclipse.emf.ecore.xcore.lib.source.feature.group [1.2.100.v20160526-0606]
[2017-03-29 21:34:55] Installing org.eclipse.emf.ecore.xcore.lib.source.feature.jar [1.2.100.v20160526-0606]
[2017-03-29 21:34:55] Installing org.eclipse.emf.ecore.xcore.sdk.feature.group [1.4.0.v20160526-0606]
[2017-03-29 21:34:55] Installing org.eclipse.emf.ecore.xcore.sdk.feature.jar [1.4.0.v20160526-0606]
[2017-03-29 21:34:55] Installing org.eclipse.emf.ecore.xcore.source [1.4.0.v20160526-0606]
[2017-03-29 21:34:55] Installing org.eclipse.emf.ecore.xcore.source.feature.group [1.4.0.v20160526-0606]
[2017-03-29 21:34:55] Installing org.eclipse.emf.ecore.xcore.source.feature.jar [1.4.0.v20160526-0606]
[2017-03-29 21:34:55] Installing org.eclipse.emf.ecore.xcore.ui [1.4.0.v20160526-0606]
[2017-03-29 21:34:55] Installing org.eclipse.emf.ecore.xcore.ui.feature.group [1.4.0.v20160526-0606]
[2017-03-29 21:34:55] Installing org.eclipse.emf.ecore.xcore.ui.feature.jar [1.4.0.v20160526-0606]
[2017-03-29 21:34:55] Installing org.eclipse.emf.ecore.xcore.ui.source [1.4.0.v20160526-0606]
[2017-03-29 21:34:55] Installing org.eclipse.emf.ecore.xcore.ui.source.feature.group [1.4.0.v20160526-0606]
[2017-03-29 21:34:55] Installing org.eclipse.emf.ecore.xcore.ui.source.feature.jar [1.4.0.v20160526-0606]
[2017-03-29 21:34:55] Installing org.eclipse.emf.ecore.xmi [2.12.0.v20160420-0247]
[2017-03-29 21:34:55] Installing org.eclipse.emf.ecore.xmi.source [2.12.0.v20160420-0247]
[2017-03-29 21:34:55] Installing org.eclipse.emf.edit [2.12.0.v20160526-0356]
[2017-03-29 21:34:55] Installing org.eclipse.emf.edit.feature.group [2.12.0.v20160526-0356]
[2017-03-29 21:34:55] Installing org.eclipse.emf.edit.feature.jar [2.12.0.v20160526-0356]
[2017-03-29 21:34:55] Installing org.eclipse.emf.edit.source [2.12.0.v20160526-0356]
[2017-03-29 21:34:55] Installing org.eclipse.emf.edit.source.feature.group [2.12.0.v20160526-0356]
[2017-03-29 21:34:55] Installing org.eclipse.emf.edit.source.feature.jar [2.12.0.v20160526-0356]
[2017-03-29 21:34:55] Installing org.eclipse.emf.edit.ui [2.12.0.v20160526-0356]
[2017-03-29 21:34:55] Installing org.eclipse.emf.edit.ui.feature.group [2.12.0.v20160526-0356]
[2017-03-29 21:34:55] Installing org.eclipse.emf.edit.ui.feature.jar [2.12.0.v20160526-0356]
[2017-03-29 21:34:55] Installing org.eclipse.emf.edit.ui.source [2.12.0.v20160526-0356]
[2017-03-29 21:34:55] Installing org.eclipse.emf.edit.ui.source.feature.group [2.12.0.v20160526-0356]
[2017-03-29 21:34:55] Installing org.eclipse.emf.edit.ui.source.feature.jar [2.12.0.v20160526-0356]
[2017-03-29 21:34:55] Installing org.eclipse.emf.example.installer [1.4.0.v20160526-0356]
[2017-03-29 21:34:55] Installing org.eclipse.emf.exporter [2.7.0.v20160526-0356]
[2017-03-29 21:34:55] Installing org.eclipse.emf.exporter.source [2.7.0.v20160526-0356]
[2017-03-29 21:34:55] Installing org.eclipse.emf.feature.group [2.12.0.v20160526-0356]
[2017-03-29 21:34:55] Installing org.eclipse.emf.feature.jar [2.12.0.v20160526-0356]
[2017-03-29 21:34:55] Installing org.eclipse.emf.importer [2.9.0.v20160526-0356]
[2017-03-29 21:34:55] Installing org.eclipse.emf.importer.ecore [2.8.0.v20160526-0356]
[2017-03-29 21:34:55] Installing org.eclipse.emf.importer.ecore.source [2.8.0.v20160526-0356]
[2017-03-29 21:34:55] Installing org.eclipse.emf.importer.java [2.7.0.v20160526-0356]
[2017-03-29 21:34:55] Installing org.eclipse.emf.importer.java.source [2.7.0.v20160526-0356]
[2017-03-29 21:34:55] Installing org.eclipse.emf.importer.rose [2.8.0.v20160526-0356]
[2017-03-29 21:34:55] Installing org.eclipse.emf.importer.rose.source [2.8.0.v20160526-0356]
[2017-03-29 21:34:55] Installing org.eclipse.emf.importer.source [2.9.0.v20160526-0356]
[2017-03-29 21:34:55] Installing org.eclipse.emf.mapping [2.9.0.v20160526-0356]
[2017-03-29 21:34:55] Installing org.eclipse.emf.mapping.ecore [2.6.0.v20160526-0356]
[2017-03-29 21:34:55] Installing org.eclipse.emf.mapping.ecore.editor [2.6.0.v20160526-0356]
[2017-03-29 21:34:55] Installing org.eclipse.emf.mapping.ecore.editor.feature.group [2.10.0.v20160526-0356]
[2017-03-29 21:34:55] Installing org.eclipse.emf.mapping.ecore.editor.feature.jar [2.10.0.v20160526-0356]
[2017-03-29 21:34:55] Installing org.eclipse.emf.mapping.ecore.editor.source.feature.group [2.10.0.v20160526-0356]
[2017-03-29 21:34:55] Installing org.eclipse.emf.mapping.ecore.editor.source.feature.jar [2.10.0.v20160526-0356]
[2017-03-29 21:34:55] Installing org.eclipse.emf.mapping.ecore.feature.group [2.9.0.v20160526-0356]
[2017-03-29 21:34:55] Installing org.eclipse.emf.mapping.ecore.feature.jar [2.9.0.v20160526-0356]
[2017-03-29 21:34:55] Installing org.eclipse.emf.mapping.ecore.source.feature.group [2.9.0.v20160526-0356]
[2017-03-29 21:34:55] Installing org.eclipse.emf.mapping.ecore.source.feature.jar [2.9.0.v20160526-0356]
[2017-03-29 21:34:55] Installing org.eclipse.emf.mapping.ecore2ecore [2.9.0.v20160526-0356]
[2017-03-29 21:34:55] Installing org.eclipse.emf.mapping.ecore2ecore.editor [2.7.0.v20160526-0356]
[2017-03-29 21:34:55] Installing org.eclipse.emf.mapping.ecore2ecore.editor.source [2.7.0.v20160526-0356]
[2017-03-29 21:34:55] Installing org.eclipse.emf.mapping.ecore2ecore.source [2.9.0.v20160526-0356]
[2017-03-29 21:34:55] Installing org.eclipse.emf.mapping.ecore2xml [2.9.0.v20160526-0356]
[2017-03-29 21:34:55] Installing org.eclipse.emf.mapping.ecore2xml.source [2.9.0.v20160526-0356]
[2017-03-29 21:34:55] Installing org.eclipse.emf.mapping.ecore2xml.ui [2.8.0.v20160526-0356]
[2017-03-29 21:34:55] Installing org.eclipse.emf.mapping.ecore2xml.ui.source [2.8.0.v20160526-0356]
[2017-03-29 21:34:55] Installing org.eclipse.emf.mapping.feature.group [2.9.0.v20160526-0356]
[2017-03-29 21:34:55] Installing org.eclipse.emf.mapping.feature.jar [2.9.0.v20160526-0356]
[2017-03-29 21:34:55] Installing org.eclipse.emf.mapping.source [2.9.0.v20160526-0356]
[2017-03-29 21:34:55] Installing org.eclipse.emf.mapping.source.feature.group [2.9.0.v20160526-0356]
[2017-03-29 21:34:55] Installing org.eclipse.emf.mapping.source.feature.jar [2.9.0.v20160526-0356]
[2017-03-29 21:34:55] Installing org.eclipse.emf.mapping.ui [2.7.0.v20160526-0356]
[2017-03-29 21:34:55] Installing org.eclipse.emf.mapping.ui.feature.group [2.9.0.v20160526-0356]
[2017-03-29 21:34:55] Installing org.eclipse.emf.mapping.ui.feature.jar [2.9.0.v20160526-0356]
[2017-03-29 21:34:55] Installing org.eclipse.emf.mapping.ui.source [2.7.0.v20160526-0356]
[2017-03-29 21:34:55] Installing org.eclipse.emf.mapping.ui.source.feature.group [2.9.0.v20160526-0356]
[2017-03-29 21:34:55] Installing org.eclipse.emf.mapping.ui.source.feature.jar [2.9.0.v20160526-0356]
[2017-03-29 21:34:55] Installing org.eclipse.emf.mwe.core [1.3.20.v201605261103]
[2017-03-29 21:34:55] Installing org.eclipse.emf.mwe.utils [1.3.20.v201605261103]
[2017-03-29 21:34:55] Installing org.eclipse.emf.mwe2.language [2.9.0.v201605261103]
[2017-03-29 21:34:55] Installing org.eclipse.emf.mwe2.language.sdk.feature.group [2.9.0.v201605261103]
[2017-03-29 21:34:55] Installing org.eclipse.emf.mwe2.language.sdk.feature.jar [2.9.0.v201605261103]
[2017-03-29 21:34:55] Installing org.eclipse.emf.mwe2.language.source [2.9.0.v201605261103]
[2017-03-29 21:34:55] Installing org.eclipse.emf.mwe2.language.ui [2.9.0.v201605261103]
[2017-03-29 21:34:55] Installing org.eclipse.emf.mwe2.language.ui.source [2.9.0.v201605261103]
[2017-03-29 21:34:55] Installing org.eclipse.emf.mwe2.launch [2.9.0.v201605261103]
[2017-03-29 21:34:55] Installing org.eclipse.emf.mwe2.launch.source [2.9.0.v201605261103]
[2017-03-29 21:34:55] Installing org.eclipse.emf.mwe2.launch.ui [2.9.0.v201605261103]
[2017-03-29 21:34:55] Installing org.eclipse.emf.mwe2.launch.ui.source [2.9.0.v201605261103]
[2017-03-29 21:34:55] Installing org.eclipse.emf.mwe2.launcher.feature.group [2.9.0.v201605261103]
[2017-03-29 21:34:55] Installing org.eclipse.emf.mwe2.launcher.feature.jar [2.9.0.v201605261103]
[2017-03-29 21:34:55] Installing org.eclipse.emf.mwe2.launcher.source.feature.group [2.9.0.v201605261103]
[2017-03-29 21:34:55] Installing org.eclipse.emf.mwe2.launcher.source.feature.jar [2.9.0.v201605261103]
[2017-03-29 21:34:55] Installing org.eclipse.emf.mwe2.lib [2.9.0.v201605261103]
[2017-03-29 21:34:55] Installing org.eclipse.emf.mwe2.lib.source [2.9.0.v201605261103]
[2017-03-29 21:34:55] Installing org.eclipse.emf.mwe2.runtime [2.9.0.v201605261103]
[2017-03-29 21:34:55] Installing org.eclipse.emf.mwe2.runtime.sdk.feature.group [2.9.0.v201605261103]
[2017-03-29 21:34:55] Installing org.eclipse.emf.mwe2.runtime.sdk.feature.jar [2.9.0.v201605261103]
[2017-03-29 21:34:55] Installing org.eclipse.emf.mwe2.runtime.source [2.9.0.v201605261103]
[2017-03-29 21:34:55] Installing org.eclipse.emf.sdk.feature.group [2.12.0.v20160526-0356]
[2017-03-29 21:34:55] Installing org.eclipse.emf.sdk.feature.jar [2.12.0.v20160526-0356]
[2017-03-29 21:34:55] Installing org.eclipse.emf.source.feature.group [2.12.0.v20160526-0356]
[2017-03-29 21:34:55] Installing org.eclipse.emf.source.feature.jar [2.12.0.v20160526-0356]
[2017-03-29 21:34:55] Installing org.eclipse.epp.logging.aeri.core [2.0.4.v20170307-1435]
[2017-03-29 21:34:55] Installing org.eclipse.epp.logging.aeri.feature.feature.group [2.0.4.v20170307-1435]
[2017-03-29 21:34:55] Installing org.eclipse.epp.logging.aeri.feature.feature.jar [2.0.4.v20170307-1435]
[2017-03-29 21:34:55] Installing org.eclipse.epp.logging.aeri.ide [2.0.4.v20170307-1435]
[2017-03-29 21:34:55] Installing org.eclipse.epp.mpc.core [1.5.4.v20170222-1921]
[2017-03-29 21:34:55] Installing org.eclipse.epp.mpc.feature.group [1.5.4.v20170222-1941]
[2017-03-29 21:34:55] Installing org.eclipse.epp.mpc.feature.jar [1.5.4.v20170222-1941]
[2017-03-29 21:34:55] Installing org.eclipse.epp.mpc.help.ui [1.5.4.v20170201-1845]
[2017-03-29 21:34:55] Installing org.eclipse.epp.mpc.ui [1.5.4.v20170222-1941]
[2017-03-29 21:34:55] Installing org.eclipse.epp.package.common.feature.feature.group [4.6.3.20170314-1500]
[2017-03-29 21:34:55] Installing org.eclipse.epp.package.common.feature.feature.jar [4.6.3.20170314-1500]
[2017-03-29 21:34:55] Installing org.eclipse.epp.package.dsl [4.6.3.20170314-1500]
[2017-03-29 21:34:55] Installing org.eclipse.epp.package.dsl.feature.feature.group [4.6.3.20170314-1500]
[2017-03-29 21:34:55] Installing org.eclipse.epp.package.dsl.feature.feature.jar [4.6.3.20170314-1500]
[2017-03-29 21:34:55] Installing org.eclipse.equinox.app [1.3.400.v20150715-1528]
[2017-03-29 21:34:55] Installing org.eclipse.equinox.app.source [1.3.400.v20150715-1528]
[2017-03-29 21:34:55] Installing org.eclipse.equinox.bidi [1.0.0.v20160307-1318]
[2017-03-29 21:34:55] Installing org.eclipse.equinox.bidi.source [1.0.0.v20160307-1318]
[2017-03-29 21:34:55] Installing org.eclipse.equinox.common [3.8.0.v20160509-1230]
[2017-03-29 21:34:55] Installing org.eclipse.equinox.common.source [3.8.0.v20160509-1230]
[2017-03-29 21:34:55] Installing org.eclipse.equinox.concurrent [1.1.0.v20130327-1442]
[2017-03-29 21:34:55] Installing org.eclipse.equinox.console [1.1.200.v20150929-1405]
[2017-03-29 21:34:55] Installing org.eclipse.equinox.console.source [1.1.200.v20150929-1405]
[2017-03-29 21:34:55] Installing org.eclipse.equinox.ds [1.4.400.v20160226-2036]
[2017-03-29 21:34:55] Installing org.eclipse.equinox.ds.source [1.4.400.v20160226-2036]
[2017-03-29 21:34:55] Installing org.eclipse.equinox.event [1.3.200.v20160324-1850]
[2017-03-29 21:34:55] Installing org.eclipse.equinox.event.source [1.3.200.v20160324-1850]
[2017-03-29 21:34:55] Installing org.eclipse.equinox.frameworkadmin [2.0.300.v20160504-1450]
[2017-03-29 21:34:55] Installing org.eclipse.equinox.frameworkadmin.equinox [1.0.700.v20160102-2223]
[2017-03-29 21:34:55] Installing org.eclipse.equinox.frameworkadmin.equinox.source [1.0.700.v20160102-2223]
[2017-03-29 21:34:55] Installing org.eclipse.equinox.frameworkadmin.source [2.0.300.v20160504-1450]
[2017-03-29 21:34:55] Installing org.eclipse.equinox.http.jetty [3.3.0.v20160324-1850]
[2017-03-29 21:34:55] Installing org.eclipse.equinox.http.jetty.source [3.3.0.v20160324-1850]
[2017-03-29 21:34:55] Installing org.eclipse.equinox.http.registry [1.1.400.v20150715-1528]
[2017-03-29 21:34:55] Installing org.eclipse.equinox.http.registry.source [1.1.400.v20150715-1528]
[2017-03-29 21:34:55] Installing org.eclipse.equinox.http.servlet [1.3.1.v20160808-1329]
[2017-03-29 21:34:55] Installing org.eclipse.equinox.http.servlet.source [1.3.1.v20160808-1329]
[2017-03-29 21:34:55] Installing org.eclipse.equinox.jsp.jasper [1.0.500.v20150119-1358]
[2017-03-29 21:34:55] Installing org.eclipse.equinox.jsp.jasper.registry [1.0.300.v20130327-1442]
[2017-03-29 21:34:55] Installing org.eclipse.equinox.jsp.jasper.registry.source [1.0.300.v20130327-1442]
[2017-03-29 21:34:55] Installing org.eclipse.equinox.jsp.jasper.source [1.0.500.v20150119-1358]
[2017-03-29 21:34:55] Installing org.eclipse.equinox.launcher [1.3.201.v20161025-1711]
[2017-03-29 21:34:55] Installing org.eclipse.equinox.launcher.gtk.linux.x86_64 [1.1.401.v20161122-1740]
[2017-03-29 21:34:55] Installing org.eclipse.equinox.launcher.source [1.3.201.v20161025-1711]
[2017-03-29 21:34:55] Installing org.eclipse.equinox.p2.artifact.repository [1.1.500.v20160419-0834]
[2017-03-29 21:34:55] Installing org.eclipse.equinox.p2.artifact.repository.source [1.1.500.v20160419-0834]
[2017-03-29 21:34:55] Installing org.eclipse.equinox.p2.console [1.0.500.v20160504-1450]
[2017-03-29 21:34:55] Installing org.eclipse.equinox.p2.console.source [1.0.500.v20160504-1450]
[2017-03-29 21:34:55] Installing org.eclipse.equinox.p2.core [2.4.100.v20160419-0834]
[2017-03-29 21:34:55] Installing org.eclipse.equinox.p2.core.feature.feature.group [1.3.203.v20170131-1444]
[2017-03-29 21:34:55] Installing org.eclipse.equinox.p2.core.feature.feature.jar [1.3.203.v20170131-1444]
[2017-03-29 21:34:55] Installing org.eclipse.equinox.p2.core.feature.source.feature.group [1.3.203.v20170131-1444]
[2017-03-29 21:34:55] Installing org.eclipse.equinox.p2.core.feature.source.feature.jar [1.3.203.v20170131-1444]
[2017-03-29 21:34:55] Installing org.eclipse.equinox.p2.core.source [2.4.100.v20160419-0834]
[2017-03-29 21:34:55] Installing org.eclipse.equinox.p2.director [2.3.300.v20160504-1450]
[2017-03-29 21:34:55] Installing org.eclipse.equinox.p2.director.app [1.0.500.v20160419-0834]
[2017-03-29 21:34:55] Installing org.eclipse.equinox.p2.director.app.source [1.0.500.v20160419-0834]
[2017-03-29 21:34:55] Installing org.eclipse.equinox.p2.director.source [2.3.300.v20160504-1450]
[2017-03-29 21:34:55] Installing org.eclipse.equinox.p2.directorywatcher [1.1.100.v20150423-1455]
[2017-03-29 21:34:55] Installing org.eclipse.equinox.p2.directorywatcher.source [1.1.100.v20150423-1455]
[2017-03-29 21:34:55] Installing org.eclipse.equinox.p2.discovery [1.0.400.v20160504-1450]
[2017-03-29 21:34:55] Installing org.eclipse.equinox.p2.discovery.compatibility [1.0.200.v20131211-1531]
[2017-03-29 21:34:55] Installing org.eclipse.equinox.p2.discovery.feature.feature.group [1.0.401.v20160901-1335]
[2017-03-29 21:34:55] Installing org.eclipse.equinox.p2.discovery.feature.feature.jar [1.0.401.v20160901-1335]
[2017-03-29 21:34:55] Installing org.eclipse.equinox.p2.engine [2.4.100.v20160419-0834]
[2017-03-29 21:34:55] Installing org.eclipse.equinox.p2.engine.source [2.4.100.v20160419-0834]
[2017-03-29 21:34:55] Installing org.eclipse.equinox.p2.extensionlocation [1.2.300.v20160419-0834]
[2017-03-29 21:34:55] Installing org.eclipse.equinox.p2.extensionlocation.source [1.2.300.v20160419-0834]
[2017-03-29 21:34:55] Installing org.eclipse.equinox.p2.extras.feature.feature.group [1.2.203.v20170131-1444]
[2017-03-29 21:34:55] Installing org.eclipse.equinox.p2.extras.feature.feature.jar [1.2.203.v20170131-1444]
[2017-03-29 21:34:55] Installing org.eclipse.equinox.p2.extras.feature.source.feature.group [1.2.203.v20170131-1444]
[2017-03-29 21:34:55] Installing org.eclipse.equinox.p2.extras.feature.source.feature.jar [1.2.203.v20170131-1444]
[2017-03-29 21:34:55] Installing org.eclipse.equinox.p2.garbagecollector [1.0.300.v20160504-1450]
[2017-03-29 21:34:55] Installing org.eclipse.equinox.p2.garbagecollector.source [1.0.300.v20160504-1450]
[2017-03-29 21:34:55] Installing org.eclipse.equinox.p2.jarprocessor [1.0.500.v20160504-1450]
[2017-03-29 21:34:55] Installing org.eclipse.equinox.p2.jarprocessor.source [1.0.500.v20160504-1450]
[2017-03-29 21:34:55] Installing org.eclipse.equinox.p2.metadata [2.3.100.v20160427-2220]
[2017-03-29 21:34:55] Installing org.eclipse.equinox.p2.metadata.repository [1.2.300.v20160419-0834]
[2017-03-29 21:34:55] Installing org.eclipse.equinox.p2.metadata.repository.source [1.2.300.v20160419-0834]
[2017-03-29 21:34:55] Installing org.eclipse.equinox.p2.metadata.source [2.3.100.v20160427-2220]
[2017-03-29 21:34:55] Installing org.eclipse.equinox.p2.operations [2.4.200.v20160504-1450]
[2017-03-29 21:34:55] Installing org.eclipse.equinox.p2.operations.source [2.4.200.v20160504-1450]
[2017-03-29 21:34:55] Installing org.eclipse.equinox.p2.publisher [1.4.100.v20160504-1450]
[2017-03-29 21:34:55] Installing org.eclipse.equinox.p2.publisher.eclipse [1.2.100.v20160504-1450]
[2017-03-29 21:34:55] Installing org.eclipse.equinox.p2.publisher.eclipse.source [1.2.100.v20160504-1450]
[2017-03-29 21:34:55] Installing org.eclipse.equinox.p2.publisher.source [1.4.100.v20160504-1450]
[2017-03-29 21:34:55] Installing org.eclipse.equinox.p2.rcp.feature.feature.group [1.2.203.v20170131-1444]
[2017-03-29 21:34:55] Installing org.eclipse.equinox.p2.rcp.feature.feature.jar [1.2.203.v20170131-1444]
[2017-03-29 21:34:55] Installing org.eclipse.equinox.p2.rcp.feature.source.feature.group [1.2.203.v20170131-1444]
[2017-03-29 21:34:55] Installing org.eclipse.equinox.p2.rcp.feature.source.feature.jar [1.2.203.v20170131-1444]
[2017-03-29 21:34:55] Installing org.eclipse.equinox.p2.reconciler.dropins [1.1.400.v20160504-1450]
[2017-03-29 21:34:55] Installing org.eclipse.equinox.p2.reconciler.dropins.source [1.1.400.v20160504-1450]
[2017-03-29 21:34:55] Installing org.eclipse.equinox.p2.repository [2.3.200.v20160421-0324]
[2017-03-29 21:34:55] Installing org.eclipse.equinox.p2.repository.source [2.3.200.v20160421-0324]
[2017-03-29 21:34:55] Installing org.eclipse.equinox.p2.repository.tools [2.1.300.v20160421-0324]
[2017-03-29 21:34:55] Installing org.eclipse.equinox.p2.repository.tools.source [2.1.300.v20160421-0324]
[2017-03-29 21:34:55] Installing org.eclipse.equinox.p2.touchpoint.eclipse [2.1.400.v20160419-0834]
[2017-03-29 21:34:55] Installing org.eclipse.equinox.p2.touchpoint.eclipse.source [2.1.400.v20160419-0834]
[2017-03-29 21:34:55] Installing org.eclipse.equinox.p2.touchpoint.natives [1.2.100.v20160419-0834]
[2017-03-29 21:34:55] Installing org.eclipse.equinox.p2.touchpoint.natives.source [1.2.100.v20160419-0834]
[2017-03-29 21:34:55] Installing org.eclipse.equinox.p2.transport.ecf [1.1.201.v20161115-1927]
[2017-03-29 21:34:55] Installing org.eclipse.equinox.p2.transport.ecf.source [1.1.201.v20161115-1927]
[2017-03-29 21:34:55] Installing org.eclipse.equinox.p2.ui [2.4.100.v20160419-0834]
[2017-03-29 21:34:55] Installing org.eclipse.equinox.p2.ui.discovery [1.0.201.v20160901-1335]
[2017-03-29 21:34:55] Installing org.eclipse.equinox.p2.ui.importexport [1.1.200.v20160521-1138]
[2017-03-29 21:34:55] Installing org.eclipse.equinox.p2.ui.importexport.source [1.1.200.v20160521-1138]
[2017-03-29 21:34:55] Installing org.eclipse.equinox.p2.ui.sdk [1.0.400.v20150423-1455]
[2017-03-29 21:34:55] Installing org.eclipse.equinox.p2.ui.sdk.scheduler [1.3.0.v20161124-1529]
[2017-03-29 21:34:55] Installing org.eclipse.equinox.p2.ui.sdk.scheduler.source [1.3.0.v20161124-1529]
[2017-03-29 21:34:55] Installing org.eclipse.equinox.p2.ui.sdk.source [1.0.400.v20150423-1455]
[2017-03-29 21:34:55] Installing org.eclipse.equinox.p2.ui.source [2.4.100.v20160419-0834]
[2017-03-29 21:34:55] Installing org.eclipse.equinox.p2.updatechecker [1.1.300.v20161124-1529]
[2017-03-29 21:34:55] Installing org.eclipse.equinox.p2.updatechecker.source [1.1.300.v20161124-1529]
[2017-03-29 21:34:55] Installing org.eclipse.equinox.p2.updatesite [1.0.600.v20160504-1450]
[2017-03-29 21:34:55] Installing org.eclipse.equinox.p2.updatesite.source [1.0.600.v20160504-1450]
[2017-03-29 21:34:55] Installing org.eclipse.equinox.p2.user.ui.feature.group [2.2.203.v20170131-1444]
[2017-03-29 21:34:55] Installing org.eclipse.equinox.p2.user.ui.feature.jar [2.2.203.v20170131-1444]
[2017-03-29 21:34:55] Installing org.eclipse.equinox.p2.user.ui.source.feature.group [2.2.203.v20170131-1444]
[2017-03-29 21:34:55] Installing org.eclipse.equinox.p2.user.ui.source.feature.jar [2.2.203.v20170131-1444]
[2017-03-29 21:34:55] Installing org.eclipse.equinox.preferences [3.6.1.v20160815-1406]
[2017-03-29 21:34:55] Installing org.eclipse.equinox.preferences.source [3.6.1.v20160815-1406]
[2017-03-29 21:34:55] Installing org.eclipse.equinox.registry [3.6.100.v20160223-2218]
[2017-03-29 21:34:55] Installing org.eclipse.equinox.registry.source [3.6.100.v20160223-2218]
[2017-03-29 21:34:55] Installing org.eclipse.equinox.security [1.2.200.v20150715-1528]
[2017-03-29 21:34:55] Installing org.eclipse.equinox.security.source [1.2.200.v20150715-1528]
[2017-03-29 21:34:55] Installing org.eclipse.equinox.security.ui [1.1.300.v20150803-1225]
[2017-03-29 21:34:55] Installing org.eclipse.equinox.security.ui.source [1.1.300.v20150803-1225]
[2017-03-29 21:34:55] Installing org.eclipse.equinox.simpleconfigurator [1.1.200.v20160504-1450]
[2017-03-29 21:34:55] Installing org.eclipse.equinox.simpleconfigurator.manipulator [2.0.200.v20160504-1450]
[2017-03-29 21:34:55] Installing org.eclipse.equinox.simpleconfigurator.manipulator.source [2.0.200.v20160504-1450]
[2017-03-29 21:34:55] Installing org.eclipse.equinox.simpleconfigurator.source [1.1.200.v20160504-1450]
[2017-03-29 21:34:55] Installing org.eclipse.equinox.util [1.0.500.v20130404-1337]
[2017-03-29 21:34:55] Installing org.eclipse.equinox.util.source [1.0.500.v20130404-1337]
[2017-03-29 21:34:55] Installing org.eclipse.gef [3.11.0.201606061308]
[2017-03-29 21:34:55] Installing org.eclipse.help [3.7.0.v20160602-1307]
[2017-03-29 21:34:55] Installing org.eclipse.help.base [4.1.2.v20170301-0400]
[2017-03-29 21:34:55] Installing org.eclipse.help.base.source [4.1.2.v20170301-0400]
[2017-03-29 21:34:55] Installing org.eclipse.help.feature.group [2.2.2.v20170301-0400]
[2017-03-29 21:34:55] Installing org.eclipse.help.feature.jar [2.2.2.v20170301-0400]
[2017-03-29 21:34:55] Installing org.eclipse.help.source [3.7.0.v20160602-1307]
[2017-03-29 21:34:55] Installing org.eclipse.help.source.feature.group [2.2.2.v20170301-0400]
[2017-03-29 21:34:55] Installing org.eclipse.help.source.feature.jar [2.2.2.v20170301-0400]
[2017-03-29 21:34:55] Installing org.eclipse.help.ui [4.0.200.v20160510-0758]
[2017-03-29 21:34:55] Installing org.eclipse.help.ui.source [4.0.200.v20160510-0758]
[2017-03-29 21:34:55] Installing org.eclipse.help.webapp [3.8.0.v20160504-0839]
[2017-03-29 21:34:55] Installing org.eclipse.help.webapp.source [3.8.0.v20160504-0839]
[2017-03-29 21:34:55] Installing org.eclipse.jdt [3.12.3.v20170301-0400]
[2017-03-29 21:34:55] Installing org.eclipse.jdt.annotation [1.1.100.v20160418-1457]
[2017-03-29 21:34:55] Installing org.eclipse.jdt.annotation.source [1.1.100.v20160418-1457]
[2017-03-29 21:34:55] Installing org.eclipse.jdt.apt.core [3.4.100.v20160525-0952]
[2017-03-29 21:34:55] Installing org.eclipse.jdt.apt.core.source [3.4.100.v20160525-0952]
[2017-03-29 21:34:55] Installing org.eclipse.jdt.apt.pluggable.core [1.1.100.v20160418-1457]
[2017-03-29 21:34:55] Installing org.eclipse.jdt.apt.pluggable.core.source [1.1.100.v20160418-1457]
[2017-03-29 21:34:55] Installing org.eclipse.jdt.apt.ui [3.4.100.v20160418-1457]
[2017-03-29 21:34:55] Installing org.eclipse.jdt.apt.ui.source [3.4.100.v20160418-1457]
[2017-03-29 21:34:55] Installing org.eclipse.jdt.compiler.apt [1.2.100.v20160418-1457]
[2017-03-29 21:34:55] Installing org.eclipse.jdt.compiler.apt.source [1.2.100.v20160418-1457]
[2017-03-29 21:34:55] Installing org.eclipse.jdt.compiler.tool [1.1.100.v20160418-1457]
[2017-03-29 21:34:55] Installing org.eclipse.jdt.compiler.tool.source [1.1.100.v20160418-1457]
[2017-03-29 21:34:55] Installing org.eclipse.jdt.core [3.12.3.v20170228-1205]
[2017-03-29 21:34:55] Installing org.eclipse.jdt.core.manipulation [1.7.0.v20160419-0705]
[2017-03-29 21:34:55] Installing org.eclipse.jdt.core.manipulation.source [1.7.0.v20160419-0705]
[2017-03-29 21:34:55] Installing org.eclipse.jdt.core.source [3.12.3.v20170228-1205]
[2017-03-29 21:34:55] Installing org.eclipse.jdt.debug [3.10.1.v20160811-0441]
[2017-03-29 21:34:55] Installing org.eclipse.jdt.debug.source [3.10.1.v20160811-0441]
[2017-03-29 21:34:55] Installing org.eclipse.jdt.debug.ui [3.7.201.v20160811-0450]
[2017-03-29 21:34:55] Installing org.eclipse.jdt.debug.ui.source [3.7.201.v20160811-0450]
[2017-03-29 21:34:55] Installing org.eclipse.jdt.doc.isv [3.12.2.v20170221-1001]
[2017-03-29 21:34:55] Installing org.eclipse.jdt.doc.user [3.12.1.v20160727-2009]
[2017-03-29 21:34:55] Installing org.eclipse.jdt.feature.group [3.12.3.v20170301-0400]
[2017-03-29 21:34:55] Installing org.eclipse.jdt.feature.jar [3.12.3.v20170301-0400]
[2017-03-29 21:34:55] Installing org.eclipse.jdt.junit [3.9.0.v20160421-1701]
[2017-03-29 21:34:55] Installing org.eclipse.jdt.junit.core [3.8.0.v20160421-1701]
[2017-03-29 21:34:55] Installing org.eclipse.jdt.junit.core.source [3.8.0.v20160421-1701]
[2017-03-29 21:34:55] Installing org.eclipse.jdt.junit.runtime [3.4.600.v20160505-0715]
[2017-03-29 21:34:55] Installing org.eclipse.jdt.junit.runtime.source [3.4.600.v20160505-0715]
[2017-03-29 21:34:55] Installing org.eclipse.jdt.junit.source [3.9.0.v20160421-1701]
[2017-03-29 21:34:55] Installing org.eclipse.jdt.junit4.runtime [1.1.600.v20160505-0715]
[2017-03-29 21:34:55] Installing org.eclipse.jdt.junit4.runtime.source [1.1.600.v20160505-0715]
[2017-03-29 21:34:55] Installing org.eclipse.jdt.launching [3.8.101.v20161111-2014]
[2017-03-29 21:34:55] Installing org.eclipse.jdt.launching.source [3.8.101.v20161111-2014]
[2017-03-29 21:34:55] Installing org.eclipse.jdt.source.feature.group [3.12.3.v20170301-0400]
[2017-03-29 21:34:55] Installing org.eclipse.jdt.source.feature.jar [3.12.3.v20170301-0400]
[2017-03-29 21:34:55] Installing org.eclipse.jdt.ui [3.12.2.v20160929-0804]
[2017-03-29 21:34:55] Installing org.eclipse.jdt.ui.source [3.12.2.v20160929-0804]
[2017-03-29 21:34:55] Installing org.eclipse.jem.util [2.1.200.v201404021757]
[2017-03-29 21:34:55] Installing org.eclipse.jetty.continuation [9.3.9.v20160517]
[2017-03-29 21:34:55] Installing org.eclipse.jetty.continuation.source [9.3.9.v20160517]
[2017-03-29 21:34:55] Installing org.eclipse.jetty.http [9.3.9.v20160517]
[2017-03-29 21:34:55] Installing org.eclipse.jetty.http.source [9.3.9.v20160517]
[2017-03-29 21:34:55] Installing org.eclipse.jetty.io [9.3.9.v20160517]
[2017-03-29 21:34:55] Installing org.eclipse.jetty.io.source [9.3.9.v20160517]
[2017-03-29 21:34:55] Installing org.eclipse.jetty.security [9.3.9.v20160517]
[2017-03-29 21:34:55] Installing org.eclipse.jetty.security.source [9.3.9.v20160517]
[2017-03-29 21:34:55] Installing org.eclipse.jetty.server [9.3.9.v20160517]
[2017-03-29 21:34:55] Installing org.eclipse.jetty.server.source [9.3.9.v20160517]
[2017-03-29 21:34:55] Installing org.eclipse.jetty.servlet [9.3.9.v20160517]
[2017-03-29 21:34:55] Installing org.eclipse.jetty.servlet.source [9.3.9.v20160517]
[2017-03-29 21:34:55] Installing org.eclipse.jetty.util [9.3.9.v20160517]
[2017-03-29 21:34:55] Installing org.eclipse.jetty.util.source [9.3.9.v20160517]
[2017-03-29 21:34:55] Installing org.eclipse.jface [3.12.2.v20170113-2113]
[2017-03-29 21:34:55] Installing org.eclipse.jface.databinding [1.8.1.v20161026-1531]
[2017-03-29 21:34:55] Installing org.eclipse.jface.databinding.source [1.8.1.v20161026-1531]
[2017-03-29 21:34:55] Installing org.eclipse.jface.source [3.12.2.v20170113-2113]
[2017-03-29 21:34:55] Installing org.eclipse.jface.text [3.11.2.v20170220-1911]
[2017-03-29 21:34:55] Installing org.eclipse.jface.text.source [3.11.2.v20170220-1911]
[2017-03-29 21:34:55] Installing org.eclipse.jgit [4.6.1.201703071140-r]
[2017-03-29 21:34:55] Installing org.eclipse.jgit.archive [4.6.1.201703071140-r]
[2017-03-29 21:34:55] Installing org.eclipse.jgit.feature.group [4.6.1.201703071140-r]
[2017-03-29 21:34:55] Installing org.eclipse.jgit.feature.jar [4.6.1.201703071140-r]
[2017-03-29 21:34:55] Installing org.eclipse.jsch.core [1.3.0.v20160422-1917]
[2017-03-29 21:34:55] Installing org.eclipse.jsch.core.source [1.3.0.v20160422-1917]
[2017-03-29 21:34:55] Installing org.eclipse.jsch.ui [1.3.0.v20160323-1650]
[2017-03-29 21:34:55] Installing org.eclipse.jsch.ui.source [1.3.0.v20160323-1650]
[2017-03-29 21:34:55] Installing org.eclipse.ltk.core.refactoring [3.7.0.v20160419-0705]
[2017-03-29 21:34:55] Installing org.eclipse.ltk.core.refactoring.source [3.7.0.v20160419-0705]
[2017-03-29 21:34:55] Installing org.eclipse.ltk.ui.refactoring [3.8.0.v20160518-1817]
[2017-03-29 21:34:55] Installing org.eclipse.ltk.ui.refactoring.source [3.8.0.v20160518-1817]
[2017-03-29 21:34:55] Installing org.eclipse.m2e.archetype.common [1.7.0.20160603-1931]
[2017-03-29 21:34:55] Installing org.eclipse.m2e.core [1.7.0.20160603-1933]
[2017-03-29 21:34:55] Installing org.eclipse.m2e.core.ui [1.7.0.20160603-1933]
[2017-03-29 21:34:55] Installing org.eclipse.m2e.discovery [1.7.0.20160603-1933]
[2017-03-29 21:34:55] Installing org.eclipse.m2e.editor [1.7.0.20160603-1933]
[2017-03-29 21:34:55] Installing org.eclipse.m2e.editor.xml [1.7.0.20160603-1933]
[2017-03-29 21:34:55] Installing org.eclipse.m2e.feature.feature.group [1.7.0.20160603-1933]
[2017-03-29 21:34:55] Installing org.eclipse.m2e.feature.feature.jar [1.7.0.20160603-1933]
[2017-03-29 21:34:55] Installing org.eclipse.m2e.importer [1.7.0.20160603-1933]
[2017-03-29 21:34:55] Installing org.eclipse.m2e.jdt [1.7.0.20160603-1933]
[2017-03-29 21:34:55] Installing org.eclipse.m2e.jdt.ui [1.7.0.20160603-1933]
[2017-03-29 21:34:55] Installing org.eclipse.m2e.launching [1.7.0.20160603-1933]
[2017-03-29 21:34:55] Installing org.eclipse.m2e.lifecyclemapping.defaults [1.7.0.20160603-1933]
[2017-03-29 21:34:55] Installing org.eclipse.m2e.logback.appender [1.7.0.20160603-1933]
[2017-03-29 21:34:55] Installing org.eclipse.m2e.logback.configuration [1.7.0.20160603-1933]
[2017-03-29 21:34:55] Installing org.eclipse.m2e.logback.feature.feature.group [1.7.0.20160603-1933]
[2017-03-29 21:34:55] Installing org.eclipse.m2e.logback.feature.feature.jar [1.7.0.20160603-1933]
[2017-03-29 21:34:55] Installing org.eclipse.m2e.maven.indexer [1.7.0.20160603-1931]
[2017-03-29 21:34:55] Installing org.eclipse.m2e.maven.runtime [1.7.0.20160603-1931]
[2017-03-29 21:34:55] Installing org.eclipse.m2e.maven.runtime.slf4j.simple [1.7.0.20160603-1931]
[2017-03-29 21:34:55] Installing org.eclipse.m2e.model.edit [1.7.0.20160603-1933]
[2017-03-29 21:34:55] Installing org.eclipse.m2e.profiles.core [1.7.0.20160603-1933]
[2017-03-29 21:34:55] Installing org.eclipse.m2e.profiles.ui [1.7.0.20160603-1933]
[2017-03-29 21:34:55] Installing org.eclipse.m2e.refactoring [1.7.0.20160603-1933]
[2017-03-29 21:34:55] Installing org.eclipse.m2e.scm [1.7.0.20160603-1933]
[2017-03-29 21:34:55] Installing org.eclipse.m2e.workspace.cli [0.3.1]
[2017-03-29 21:34:55] Installing org.eclipse.mylyn.commons.core [3.21.0.v20160707-1856]
[2017-03-29 21:34:55] Installing org.eclipse.mylyn.commons.notifications.core [1.13.0.v20160630-1702]
[2017-03-29 21:34:55] Installing org.eclipse.mylyn.commons.notifications.ui [1.13.0.v20160630-1702]
[2017-03-29 21:34:55] Installing org.eclipse.mylyn.commons.screenshots [3.21.0.v20160630-1702]
[2017-03-29 21:34:55] Installing org.eclipse.mylyn.commons.ui [3.21.0.v20160630-1702]
[2017-03-29 21:34:55] Installing org.eclipse.mylyn.commons.workbench [3.21.0.v20160630-1702]
[2017-03-29 21:34:55] Installing org.eclipse.nebula.widgets.tablecombo [1.0.0.201702281340]
[2017-03-29 21:34:55] Installing org.eclipse.oomph.base [1.7.0.v20170201-1645]
[2017-03-29 21:34:55] Installing org.eclipse.oomph.base.edit [1.7.0.v20170104-1401]
[2017-03-29 21:34:55] Installing org.eclipse.oomph.extractor.lib [1.3.0.v20161116-0647]
[2017-03-29 21:34:55] Installing org.eclipse.oomph.jreinfo [1.7.0.v20170201-1645]
[2017-03-29 21:34:55] Installing org.eclipse.oomph.jreinfo.ui [1.7.0.v20161220-1444]
[2017-03-29 21:34:55] Installing org.eclipse.oomph.p2 [1.7.0.v20170104-1401]
[2017-03-29 21:34:55] Installing org.eclipse.oomph.p2.core [1.7.0.v20170228-1751]
[2017-03-29 21:34:55] Installing org.eclipse.oomph.p2.doc [1.7.0.v20170104-1401]
[2017-03-29 21:34:55] Installing org.eclipse.oomph.p2.edit [1.7.0.v20170104-1401]
[2017-03-29 21:34:55] Installing org.eclipse.oomph.p2.feature.group [1.7.0.v20170228-1751]
[2017-03-29 21:34:55] Installing org.eclipse.oomph.p2.feature.jar [1.7.0.v20170228-1751]
[2017-03-29 21:34:55] Installing org.eclipse.oomph.p2.ui [1.7.0.v20161231-0937]
[2017-03-29 21:34:55] Installing org.eclipse.oomph.predicates [1.7.0.v20170104-1401]
[2017-03-29 21:34:55] Installing org.eclipse.oomph.predicates.edit [1.7.0.v20170104-1401]
[2017-03-29 21:34:55] Installing org.eclipse.oomph.preferences [1.7.0.v20170104-1401]
[2017-03-29 21:34:55] Installing org.eclipse.oomph.resources [1.7.0.v20170217-1028]
[2017-03-29 21:34:55] Installing org.eclipse.oomph.resources.edit [1.7.0.v20170103-0924]
[2017-03-29 21:34:55] Installing org.eclipse.oomph.setup [1.7.0.v20170224-1311]
[2017-03-29 21:34:55] Installing org.eclipse.oomph.setup.core [1.7.0.v20170301-0747]
[2017-03-29 21:34:55] Installing org.eclipse.oomph.setup.core.feature.group [1.7.0.v20170301-0747]
[2017-03-29 21:34:55] Installing org.eclipse.oomph.setup.core.feature.jar [1.7.0.v20170301-0747]
[2017-03-29 21:34:55] Installing org.eclipse.oomph.setup.doc [1.7.0.v20170104-1401]
[2017-03-29 21:34:55] Installing org.eclipse.oomph.setup.edit [1.7.0.v20170104-1401]
[2017-03-29 21:34:55] Installing org.eclipse.oomph.setup.editor [1.7.0.v20170104-1401]
[2017-03-29 21:34:55] Installing org.eclipse.oomph.setup.feature.group [1.7.0.v20170305-1123]
[2017-03-29 21:34:55] Installing org.eclipse.oomph.setup.feature.jar [1.7.0.v20170305-1123]
[2017-03-29 21:34:55] Installing org.eclipse.oomph.setup.p2 [1.7.0.v20170217-1051]
[2017-03-29 21:34:55] Installing org.eclipse.oomph.setup.p2.edit [1.7.0.v20161230-1057]
[2017-03-29 21:34:55] Installing org.eclipse.oomph.setup.sync [1.7.0.v20170201-1631]
[2017-03-29 21:34:55] Installing org.eclipse.oomph.setup.ui [1.7.0.v20170305-1123]
[2017-03-29 21:34:55] Installing org.eclipse.oomph.setup.ui.questionnaire [1.7.0.v20170104-1401]
[2017-03-29 21:34:55] Installing org.eclipse.oomph.ui [1.7.0.v20170222-1350]
[2017-03-29 21:34:55] Installing org.eclipse.oomph.util [1.7.0.v20170303-0927]
[2017-03-29 21:34:55] Installing org.eclipse.oomph.workingsets [1.7.0.v20170104-1401]
[2017-03-29 21:34:55] Installing org.eclipse.oomph.workingsets.edit [1.7.0.v20170104-1401]
[2017-03-29 21:34:55] Installing org.eclipse.oomph.workingsets.editor [1.7.0.v20161230-1057]
[2017-03-29 21:34:55] Installing org.eclipse.osgi [3.11.3.v20170209-1843]
[2017-03-29 21:34:55] Installing org.eclipse.osgi.compatibility.state [1.0.200.v20160504-1419]
[2017-03-29 21:34:55] Installing org.eclipse.osgi.compatibility.state.source [1.0.200.v20160504-1419]
[2017-03-29 21:34:55] Installing org.eclipse.osgi.services [3.5.100.v20160504-1419]
[2017-03-29 21:34:55] Installing org.eclipse.osgi.services.source [3.5.100.v20160504-1419]
[2017-03-29 21:34:55] Installing org.eclipse.osgi.source [3.11.3.v20170209-1843]
[2017-03-29 21:34:55] Installing org.eclipse.osgi.util [3.3.100.v20150423-1351]
[2017-03-29 21:34:55] Installing org.eclipse.osgi.util.source [3.3.100.v20150423-1351]
[2017-03-29 21:34:55] Installing org.eclipse.pde [3.12.3.v20170301-0400]
[2017-03-29 21:34:55] Installing org.eclipse.pde.api.tools [1.1.2.v20161115-0549]
[2017-03-29 21:34:55] Installing org.eclipse.pde.api.tools.annotations [1.0.100.v20160418-1724]
[2017-03-29 21:34:55] Installing org.eclipse.pde.api.tools.annotations.source [1.0.100.v20160418-1724]
[2017-03-29 21:34:55] Installing org.eclipse.pde.api.tools.source [1.1.2.v20161115-0549]
[2017-03-29 21:34:55] Installing org.eclipse.pde.api.tools.ui [1.1.0.v20160519-0701]
[2017-03-29 21:34:55] Installing org.eclipse.pde.api.tools.ui.source [1.1.0.v20160519-0701]
[2017-03-29 21:34:55] Installing org.eclipse.pde.build [3.9.200.v20160204-0642]
[2017-03-29 21:34:55] Installing org.eclipse.pde.build.source [3.9.200.v20160204-0642]
[2017-03-29 21:34:55] Installing org.eclipse.pde.core [3.11.1.v20161115-1951]
[2017-03-29 21:34:55] Installing org.eclipse.pde.core.source [3.11.1.v20161115-1951]
[2017-03-29 21:34:55] Installing org.eclipse.pde.doc.user [3.12.2.v20170221-1001]
[2017-03-29 21:34:55] Installing org.eclipse.pde.ds.annotations [1.0.0.v20160525-1437]
[2017-03-29 21:34:55] Installing org.eclipse.pde.ds.annotations.source [1.0.0.v20160525-1437]
[2017-03-29 21:34:55] Installing org.eclipse.pde.ds.core [1.1.0.v20151201-1325]
[2017-03-29 21:34:55] Installing org.eclipse.pde.ds.core.source [1.1.0.v20151201-1325]
[2017-03-29 21:34:55] Installing org.eclipse.pde.ds.ui [1.1.0.v20160518-1843]
[2017-03-29 21:34:55] Installing org.eclipse.pde.ds.ui.source [1.1.0.v20160518-1843]
[2017-03-29 21:34:55] Installing org.eclipse.pde.feature.group [3.12.3.v20170301-0400]
[2017-03-29 21:34:55] Installing org.eclipse.pde.feature.jar [3.12.3.v20170301-0400]
[2017-03-29 21:34:55] Installing org.eclipse.pde.junit.runtime [3.5.0.v20151013-0625]
[2017-03-29 21:34:55] Installing org.eclipse.pde.junit.runtime.source [3.5.0.v20151013-0625]
[2017-03-29 21:34:55] Installing org.eclipse.pde.launching [3.6.401.v20161115-0549]
[2017-03-29 21:34:55] Installing org.eclipse.pde.launching.source [3.6.401.v20161115-0549]
[2017-03-29 21:34:55] Installing org.eclipse.pde.runtime [3.5.0.v20160418-1724]
[2017-03-29 21:34:55] Installing org.eclipse.pde.runtime.source [3.5.0.v20160418-1724]
[2017-03-29 21:34:55] Installing org.eclipse.pde.source.feature.group [3.12.3.v20170301-0400]
[2017-03-29 21:34:55] Installing org.eclipse.pde.source.feature.jar [3.12.3.v20170301-0400]
[2017-03-29 21:34:55] Installing org.eclipse.pde.ua.core [1.0.500.v20160204-0642]
[2017-03-29 21:34:55] Installing org.eclipse.pde.ua.core.source [1.0.500.v20160204-0642]
[2017-03-29 21:34:55] Installing org.eclipse.pde.ua.ui [1.1.0.v20160518-1843]
[2017-03-29 21:34:55] Installing org.eclipse.pde.ua.ui.source [1.1.0.v20160518-1843]
[2017-03-29 21:34:55] Installing org.eclipse.pde.ui [3.9.100.v20161102-0517]
[2017-03-29 21:34:55] Installing org.eclipse.pde.ui.source [3.9.100.v20161102-0517]
[2017-03-29 21:34:55] Installing org.eclipse.pde.ui.templates [3.6.0.v20160424-1948]
[2017-03-29 21:34:55] Installing org.eclipse.pde.ui.templates.source [3.6.0.v20160424-1948]
[2017-03-29 21:34:55] Installing org.eclipse.platform [4.6.3.v20170301-0400]
[2017-03-29 21:34:55] Installing org.eclipse.platform.doc.isv [4.6.2.v20170221-1001]
[2017-03-29 21:34:55] Installing org.eclipse.platform.doc.user [4.6.1.v20160727-2009]
[2017-03-29 21:34:55] Installing org.eclipse.platform.feature.group [4.6.3.v20170301-0400]
[2017-03-29 21:34:55] Installing org.eclipse.platform.feature.jar [4.6.3.v20170301-0400]
[2017-03-29 21:34:55] Installing org.eclipse.platform.ide [4.6.3.M20170301-0400]
[2017-03-29 21:34:55] Installing org.eclipse.platform.ide.executable.gtk.linux.x86_64 [4.6.3.M20170301-0400]
[2017-03-29 21:34:55] Installing org.eclipse.platform.ide.executable.gtk.linux.x86_64.eclipse [4.6.3.M20170301-0400]
[2017-03-29 21:34:55] Installing org.eclipse.platform.source [4.6.3.v20170301-0400]
[2017-03-29 21:34:55] Installing org.eclipse.platform.source.feature.group [4.6.3.v20170301-0400]
[2017-03-29 21:34:55] Installing org.eclipse.platform.source.feature.jar [4.6.3.v20170301-0400]
[2017-03-29 21:34:55] Installing org.eclipse.platform_root [4.6.3.v20170301-0400]
[2017-03-29 21:34:55] Installing org.eclipse.rcp [4.6.3.v20170301-0400]
[2017-03-29 21:34:55] Installing org.eclipse.rcp.feature.group [4.6.3.v20170301-0400]
[2017-03-29 21:34:55] Installing org.eclipse.rcp.feature.jar [4.6.3.v20170301-0400]
[2017-03-29 21:34:55] Installing org.eclipse.rcp.source.feature.group [4.6.3.v20170301-0400]
[2017-03-29 21:34:55] Installing org.eclipse.rcp.source.feature.jar [4.6.3.v20170301-0400]
[2017-03-29 21:34:55] Installing org.eclipse.rcp_root [4.6.3.v20170301-0400]
[2017-03-29 21:34:55] Installing org.eclipse.sdk [4.6.3.v20170301-0400]
[2017-03-29 21:34:55] Installing org.eclipse.sdk.feature.group [4.6.3.v20170301-0400]
[2017-03-29 21:34:55] Installing org.eclipse.sdk.feature.jar [4.6.3.v20170301-0400]
[2017-03-29 21:34:55] Installing org.eclipse.search [3.11.1.v20161113-1700]
[2017-03-29 21:34:55] Installing org.eclipse.search.source [3.11.1.v20161113-1700]
[2017-03-29 21:34:55] Installing org.eclipse.swt [3.105.3.v20170228-0512]
[2017-03-29 21:34:55] Installing org.eclipse.swt.gtk.linux.x86_64 [3.105.3.v20170228-0512]
[2017-03-29 21:34:55] Installing org.eclipse.swt.gtk.linux.x86_64.source [3.105.3.v20170228-0512]
[2017-03-29 21:34:55] Installing org.eclipse.team.core [3.8.0.v20160418-1534]
[2017-03-29 21:34:55] Installing org.eclipse.team.core.source [3.8.0.v20160418-1534]
[2017-03-29 21:34:55] Installing org.eclipse.team.cvs.core [3.4.0.v20160418-1534]
[2017-03-29 21:34:55] Installing org.eclipse.team.cvs.core.source [3.4.0.v20160418-1534]
[2017-03-29 21:34:55] Installing org.eclipse.team.cvs.ssh2 [3.3.0.v20160418-1534]
[2017-03-29 21:34:55] Installing org.eclipse.team.cvs.ssh2.source [3.3.0.v20160418-1534]
[2017-03-29 21:34:55] Installing org.eclipse.team.cvs.ui [3.4.0.v20160518-1906]
[2017-03-29 21:34:55] Installing org.eclipse.team.cvs.ui.source [3.4.0.v20160518-1906]
[2017-03-29 21:34:55] Installing org.eclipse.team.ui [3.8.0.v20160518-1906]
[2017-03-29 21:34:55] Installing org.eclipse.team.ui.source [3.8.0.v20160518-1906]
[2017-03-29 21:34:55] Installing org.eclipse.text [3.6.0.v20160503-1849]
[2017-03-29 21:34:55] Installing org.eclipse.text.source [3.6.0.v20160503-1849]
[2017-03-29 21:34:55] Installing org.eclipse.ui [3.108.1.v20160929-1045]
[2017-03-29 21:34:55] Installing org.eclipse.ui.browser [3.5.2.v20161114-0210]
[2017-03-29 21:34:55] Installing org.eclipse.ui.browser.source [3.5.2.v20161114-0210]
[2017-03-29 21:34:55] Installing org.eclipse.ui.cheatsheets [3.5.0.v20160504-0839]
[2017-03-29 21:34:55] Installing org.eclipse.ui.cheatsheets.source [3.5.0.v20160504-0839]
[2017-03-29 21:34:55] Installing org.eclipse.ui.console [3.6.201.v20161107-0337]
[2017-03-29 21:34:55] Installing org.eclipse.ui.console.source [3.6.201.v20161107-0337]
[2017-03-29 21:34:55] Installing org.eclipse.ui.editors [3.10.1.v20161106-1856]
[2017-03-29 21:34:55] Installing org.eclipse.ui.editors.source [3.10.1.v20161106-1856]
[2017-03-29 21:34:55] Installing org.eclipse.ui.externaltools [3.3.100.v20160518-1858]
[2017-03-29 21:34:55] Installing org.eclipse.ui.externaltools.source [3.3.100.v20160518-1858]
[2017-03-29 21:34:55] Installing org.eclipse.ui.forms [3.7.1.v20161220-1635]
[2017-03-29 21:34:55] Installing org.eclipse.ui.forms.source [3.7.1.v20161220-1635]
[2017-03-29 21:34:55] Installing org.eclipse.ui.ide [3.12.3.v20170119-0935]
[2017-03-29 21:34:55] Installing org.eclipse.ui.ide.application [1.1.101.v20160829-0827]
[2017-03-29 21:34:55] Installing org.eclipse.ui.ide.application.source [1.1.101.v20160829-0827]
[2017-03-29 21:34:55] Installing org.eclipse.ui.ide.source [3.12.3.v20170119-0935]
[2017-03-29 21:34:55] Installing org.eclipse.ui.intro [3.5.2.v20161116-1147]
[2017-03-29 21:34:55] Installing org.eclipse.ui.intro.quicklinks [1.0.0.v20160515-0255]
[2017-03-29 21:34:55] Installing org.eclipse.ui.intro.quicklinks.source [1.0.0.v20160515-0255]
[2017-03-29 21:34:55] Installing org.eclipse.ui.intro.source [3.5.2.v20161116-1147]
[2017-03-29 21:34:55] Installing org.eclipse.ui.intro.universal [3.3.1.v20160829-1558]
[2017-03-29 21:34:55] Installing org.eclipse.ui.intro.universal.source [3.3.1.v20160829-1558]
[2017-03-29 21:34:55] Installing org.eclipse.ui.monitoring [1.1.2.v20170203-1115]
[2017-03-29 21:34:55] Installing org.eclipse.ui.monitoring.source [1.1.2.v20170203-1115]
[2017-03-29 21:34:55] Installing org.eclipse.ui.navigator [3.6.101.v20161006-1120]
[2017-03-29 21:34:55] Installing org.eclipse.ui.navigator.resources [3.5.101.v20161006-0640]
[2017-03-29 21:34:55] Installing org.eclipse.ui.navigator.resources.source [3.5.101.v20161006-0640]
[2017-03-29 21:34:55] Installing org.eclipse.ui.navigator.source [3.6.101.v20161006-1120]
[2017-03-29 21:34:55] Installing org.eclipse.ui.net [1.3.0.v20160426-1633]
[2017-03-29 21:34:55] Installing org.eclipse.ui.net.source [1.3.0.v20160426-1633]
[2017-03-29 21:34:55] Installing org.eclipse.ui.source [3.108.1.v20160929-1045]
[2017-03-29 21:34:55] Installing org.eclipse.ui.themes [1.1.300.v20161107-1827]
[2017-03-29 21:34:55] Installing org.eclipse.ui.themes.source [1.1.300.v20161107-1827]
[2017-03-29 21:34:55] Installing org.eclipse.ui.trace [1.0.400.v20160509-1055]
[2017-03-29 21:34:55] Installing org.eclipse.ui.trace.source [1.0.400.v20160509-1055]
[2017-03-29 21:34:55] Installing org.eclipse.ui.views [3.8.102.v20170111-0801]
[2017-03-29 21:34:55] Installing org.eclipse.ui.views.log [1.2.1.v20160829-0826]
[2017-03-29 21:34:55] Installing org.eclipse.ui.views.log.source [1.2.1.v20160829-0826]
[2017-03-29 21:34:55] Installing org.eclipse.ui.views.properties.tabbed [3.7.0.v20160310-0903]
[2017-03-29 21:34:55] Installing org.eclipse.ui.views.properties.tabbed.source [3.7.0.v20160310-0903]
[2017-03-29 21:34:55] Installing org.eclipse.ui.views.source [3.8.102.v20170111-0801]
[2017-03-29 21:34:55] Installing org.eclipse.ui.workbench [3.108.3.v20170216-1539]
[2017-03-29 21:34:55] Installing org.eclipse.ui.workbench.source [3.108.3.v20170216-1539]
[2017-03-29 21:34:55] Installing org.eclipse.ui.workbench.texteditor [3.10.1.v20160818-1626]
[2017-03-29 21:34:55] Installing org.eclipse.ui.workbench.texteditor.source [3.10.1.v20160818-1626]
[2017-03-29 21:34:55] Installing org.eclipse.update.configurator [3.3.400.v20160506-0750]
[2017-03-29 21:34:55] Installing org.eclipse.update.configurator.source [3.3.400.v20160506-0750]
[2017-03-29 21:34:55] Installing org.eclipse.userstorage [1.0.1.v20170201-1648]
[2017-03-29 21:34:55] Installing org.eclipse.userstorage.ui [1.0.1.v20170201-1648]
[2017-03-29 21:34:55] Installing org.eclipse.wst.common.core [1.2.0.v200908251833]
[2017-03-29 21:34:55] Installing org.eclipse.wst.common.emf [1.2.500.v201701191735]
[2017-03-29 21:34:55] Installing org.eclipse.wst.common.emfworkbench.integration [1.2.101.v201107081800]
[2017-03-29 21:34:55] Installing org.eclipse.wst.common.environment [1.0.400.v200912181831]
[2017-03-29 21:34:55] Installing org.eclipse.wst.common.frameworks [1.2.200.v201304241450]
[2017-03-29 21:34:55] Installing org.eclipse.wst.common.frameworks.ui [1.2.400.v201504292002]
[2017-03-29 21:34:55] Installing org.eclipse.wst.common.infopop [1.0.300.v201309101952]
[2017-03-29 21:34:55] Installing org.eclipse.wst.common.modulecore [1.2.500.v201701032135]
[2017-03-29 21:34:55] Installing org.eclipse.wst.common.modulecore.ui [1.0.300.v201505072128]
[2017-03-29 21:34:55] Installing org.eclipse.wst.common.project.facet.core [1.4.300.v201111030423]
[2017-03-29 21:34:55] Installing org.eclipse.wst.common.snippets [1.2.300.v201602270217]
[2017-03-29 21:34:55] Installing org.eclipse.wst.common.ui [1.1.500.v200911182011]
[2017-03-29 21:34:55] Installing org.eclipse.wst.common.uriresolver [1.2.200.v201505132009]
[2017-03-29 21:34:55] Installing org.eclipse.wst.common_core.feature.feature.group [3.8.2.v201701191735]
[2017-03-29 21:34:55] Installing org.eclipse.wst.common_core.feature.feature.jar [3.8.2.v201701191735]
[2017-03-29 21:34:55] Installing org.eclipse.wst.common_ui.feature.feature.group [3.8.0.v201701191735]
[2017-03-29 21:34:55] Installing org.eclipse.wst.common_ui.feature.feature.jar [3.8.0.v201701191735]
[2017-03-29 21:34:55] Installing org.eclipse.wst.dtd.core [1.1.700.v201211012112]
[2017-03-29 21:34:55] Installing org.eclipse.wst.dtd.ui [1.0.801.v201308100602]
[2017-03-29 21:34:55] Installing org.eclipse.wst.dtd.ui.infopop [1.0.400.v201309112106]
[2017-03-29 21:34:55] Installing org.eclipse.wst.dtdeditor.doc.user [1.0.700.v201208081537]
[2017-03-29 21:34:55] Installing org.eclipse.wst.internet.cache [1.0.701.v201510130022]
[2017-03-29 21:34:55] Installing org.eclipse.wst.server.core [1.9.0.v201610211907]
[2017-03-29 21:34:55] Installing org.eclipse.wst.server.discovery [1.3.0.v201606030549]
[2017-03-29 21:34:55] Installing org.eclipse.wst.sse.core [1.1.1000.v201608061842]
[2017-03-29 21:34:55] Installing org.eclipse.wst.sse.doc.user [1.1.100.v201208081537]
[2017-03-29 21:34:55] Installing org.eclipse.wst.sse.ui [1.3.500.v201605120129]
[2017-03-29 21:34:55] Installing org.eclipse.wst.sse.ui.infopop [1.0.300.v201309112106]
[2017-03-29 21:34:55] Installing org.eclipse.wst.standard.schemas [1.0.700.v201304171715]
[2017-03-29 21:34:55] Installing org.eclipse.wst.validation [1.2.700.v201508251749]
[2017-03-29 21:34:55] Installing org.eclipse.wst.validation.infopop [1.0.300.v201309101952]
[2017-03-29 21:34:55] Installing org.eclipse.wst.validation.ui [1.2.500.v201310231452]
[2017-03-29 21:34:55] Installing org.eclipse.wst.xml.core [1.1.1001.v201702270442]
[2017-03-29 21:34:55] Installing org.eclipse.wst.xml.ui [1.1.700.v201604272318]
[2017-03-29 21:34:55] Installing org.eclipse.wst.xml.ui.infopop [1.0.400.v201309112106]
[2017-03-29 21:34:55] Installing org.eclipse.wst.xml_core.feature.feature.group [3.8.2.v201702270442]
[2017-03-29 21:34:55] Installing org.eclipse.wst.xml_core.feature.feature.jar [3.8.2.v201702270442]
[2017-03-29 21:34:55] Installing org.eclipse.wst.xml_ui.feature.feature.group [3.8.2.v201702270442]
[2017-03-29 21:34:55] Installing org.eclipse.wst.xml_ui.feature.feature.jar [3.8.2.v201702270442]
[2017-03-29 21:34:55] Installing org.eclipse.wst.xml_userdoc.feature.feature.group [3.8.2.v201610032207]
[2017-03-29 21:34:55] Installing org.eclipse.wst.xml_userdoc.feature.feature.jar [3.8.2.v201610032207]
[2017-03-29 21:34:55] Installing org.eclipse.wst.xmleditor.doc.user [1.0.700.v201208081537]
[2017-03-29 21:34:55] Installing org.eclipse.wst.xsd.core [1.1.900.v201401141857]
[2017-03-29 21:34:55] Installing org.eclipse.wst.xsd.ui [1.2.600.v201511240159]
[2017-03-29 21:34:55] Installing org.eclipse.wst.xsdeditor.doc.user [1.0.800.v201208081537]
[2017-03-29 21:34:55] Installing org.eclipse.xpand [2.2.0.v201605260315]
[2017-03-29 21:34:55] Installing org.eclipse.xsd [2.12.0.v20160526-0356]
[2017-03-29 21:34:55] Installing org.eclipse.xsd.edit [2.8.0.v20160526-0356]
[2017-03-29 21:34:55] Installing org.eclipse.xtend [2.2.0.v201605260315]
[2017-03-29 21:34:55] Installing org.eclipse.xtend.core [2.10.0.v201605250459]
[2017-03-29 21:34:55] Installing org.eclipse.xtend.core.source [2.10.0.v201605250459]
[2017-03-29 21:34:55] Installing org.eclipse.xtend.doc [2.10.0.v201605250459]
[2017-03-29 21:34:55] Installing org.eclipse.xtend.examples [2.10.0.v201605250459]
[2017-03-29 21:34:55] Installing org.eclipse.xtend.ide [2.10.0.v201605250459]
[2017-03-29 21:34:55] Installing org.eclipse.xtend.ide.common [2.10.0.v201605250459]
[2017-03-29 21:34:55] Installing org.eclipse.xtend.ide.common.source [2.10.0.v201605250459]
[2017-03-29 21:34:55] Installing org.eclipse.xtend.ide.source [2.10.0.v201605250459]
[2017-03-29 21:34:55] Installing org.eclipse.xtend.lib [2.10.0.v201605250459]
[2017-03-29 21:34:55] Installing org.eclipse.xtend.lib.macro [2.10.0.v201605250459]
[2017-03-29 21:34:55] Installing org.eclipse.xtend.lib.macro.source [2.10.0.v201605250459]
[2017-03-29 21:34:55] Installing org.eclipse.xtend.lib.source [2.10.0.v201605250459]
[2017-03-29 21:34:55] Installing org.eclipse.xtend.m2e [2.10.0.v201605250459]
[2017-03-29 21:34:55] Installing org.eclipse.xtend.sdk.feature.group [2.10.0.v201605250459]
[2017-03-29 21:34:55] Installing org.eclipse.xtend.sdk.feature.jar [2.10.0.v201605250459]
[2017-03-29 21:34:55] Installing org.eclipse.xtend.standalone [2.10.0.v201605250459]
[2017-03-29 21:34:55] Installing org.eclipse.xtend.standalone.source [2.10.0.v201605250459]
[2017-03-29 21:34:55] Installing org.eclipse.xtend.typesystem.emf [2.2.0.v201605260315]
[2017-03-29 21:34:55] Installing org.eclipse.xtend2.lib [2.10.0.v201605250459]
[2017-03-29 21:34:55] Installing org.eclipse.xtend2.lib.source [2.10.0.v201605250459]
[2017-03-29 21:34:55] Installing org.eclipse.xtext [2.10.0.v201605250459]
[2017-03-29 21:34:55] Installing org.eclipse.xtext.activities [2.10.0.v201605250459]
[2017-03-29 21:34:55] Installing org.eclipse.xtext.activities.source [2.10.0.v201605250459]
[2017-03-29 21:34:55] Installing org.eclipse.xtext.builder [2.10.0.v201605250459]
[2017-03-29 21:34:55] Installing org.eclipse.xtext.builder.source [2.10.0.v201605250459]
[2017-03-29 21:34:55] Installing org.eclipse.xtext.builder.standalone [2.10.0.v201605250459]
[2017-03-29 21:34:55] Installing org.eclipse.xtext.builder.standalone.source [2.10.0.v201605250459]
[2017-03-29 21:34:55] Installing org.eclipse.xtext.common.types [2.10.0.v201605250459]
[2017-03-29 21:34:55] Installing org.eclipse.xtext.common.types.edit [2.10.0.v201605250459]
[2017-03-29 21:34:55] Installing org.eclipse.xtext.common.types.edit.source [2.10.0.v201605250459]
[2017-03-29 21:34:55] Installing org.eclipse.xtext.common.types.shared [2.10.0.v201605250459]
[2017-03-29 21:34:55] Installing org.eclipse.xtext.common.types.shared.jdt38 [2.10.0.v201605250459]
[2017-03-29 21:34:55] Installing org.eclipse.xtext.common.types.shared.jdt38.source [2.10.0.v201605250459]
[2017-03-29 21:34:55] Installing org.eclipse.xtext.common.types.shared.source [2.10.0.v201605250459]
[2017-03-29 21:34:55] Installing org.eclipse.xtext.common.types.source [2.10.0.v201605250459]
[2017-03-29 21:34:55] Installing org.eclipse.xtext.common.types.ui [2.10.0.v201605250459]
[2017-03-29 21:34:55] Installing org.eclipse.xtext.common.types.ui.source [2.10.0.v201605250459]
[2017-03-29 21:34:55] Installing org.eclipse.xtext.doc [2.10.0.v201605250459]
[2017-03-29 21:34:55] Installing org.eclipse.xtext.docs.feature.group [2.10.0.v201605250459]
[2017-03-29 21:34:55] Installing org.eclipse.xtext.docs.feature.jar [2.10.0.v201605250459]
[2017-03-29 21:34:55] Installing org.eclipse.xtext.ecore [2.10.0.v201605250459]
[2017-03-29 21:34:55] Installing org.eclipse.xtext.ecore.source [2.10.0.v201605250459]
[2017-03-29 21:34:55] Installing org.eclipse.xtext.examples.feature.group [2.10.0.v201605250459]
[2017-03-29 21:34:55] Installing org.eclipse.xtext.examples.feature.jar [2.10.0.v201605250459]
[2017-03-29 21:34:55] Installing org.eclipse.xtext.examples.source.feature.group [2.10.0.v201605250459]
[2017-03-29 21:34:55] Installing org.eclipse.xtext.examples.source.feature.jar [2.10.0.v201605250459]
[2017-03-29 21:34:55] Installing org.eclipse.xtext.generator [2.10.0.v201605250459]
[2017-03-29 21:34:55] Installing org.eclipse.xtext.generator.source [2.10.0.v201605250459]
[2017-03-29 21:34:55] Installing org.eclipse.xtext.ide [2.10.0.v201605250459]
[2017-03-29 21:34:55] Installing org.eclipse.xtext.idea.generator [2.10.0.v201605250459]
[2017-03-29 21:34:55] Installing org.eclipse.xtext.java [2.10.0.v201605250459]
[2017-03-29 21:34:55] Installing org.eclipse.xtext.java.source [2.10.0.v201605250459]
[2017-03-29 21:34:55] Installing org.eclipse.xtext.junit4 [2.10.0.v201605250459]
[2017-03-29 21:34:55] Installing org.eclipse.xtext.junit4.source [2.10.0.v201605250459]
[2017-03-29 21:34:55] Installing org.eclipse.xtext.logging [1.2.15.v201605250459]
[2017-03-29 21:34:55] Installing org.eclipse.xtext.logging.source [1.2.15.v201605250459]
[2017-03-29 21:34:55] Installing org.eclipse.xtext.m2e [2.10.0.v201605250459]
[2017-03-29 21:34:55] Installing org.eclipse.xtext.purexbase [2.10.0.v201605250459]
[2017-03-29 21:34:55] Installing org.eclipse.xtext.purexbase.source [2.10.0.v201605250459]
[2017-03-29 21:34:55] Installing org.eclipse.xtext.purexbase.ui [2.10.0.v201605250459]
[2017-03-29 21:34:55] Installing org.eclipse.xtext.purexbase.ui.source [2.10.0.v201605250459]
[2017-03-29 21:34:55] Installing org.eclipse.xtext.runtime.feature.group [2.10.0.v201605250459]
[2017-03-29 21:34:55] Installing org.eclipse.xtext.runtime.feature.jar [2.10.0.v201605250459]
[2017-03-29 21:34:55] Installing org.eclipse.xtext.runtime.source.feature.group [2.10.0.v201605250459]
[2017-03-29 21:34:55] Installing org.eclipse.xtext.runtime.source.feature.jar [2.10.0.v201605250459]
[2017-03-29 21:34:55] Installing org.eclipse.xtext.sdk.feature.group [2.10.0.v201605250459]
[2017-03-29 21:34:55] Installing org.eclipse.xtext.sdk.feature.jar [2.10.0.v201605250459]
[2017-03-29 21:34:55] Installing org.eclipse.xtext.smap [2.10.0.v201605250459]
[2017-03-29 21:34:55] Installing org.eclipse.xtext.smap.source [2.10.0.v201605250459]
[2017-03-29 21:34:55] Installing org.eclipse.xtext.source [2.10.0.v201605250459]
[2017-03-29 21:34:55] Installing org.eclipse.xtext.ui [2.10.0.v201605250459]
[2017-03-29 21:34:55] Installing org.eclipse.xtext.ui.codetemplates [2.10.0.v201605250459]
[2017-03-29 21:34:55] Installing org.eclipse.xtext.ui.codetemplates.source [2.10.0.v201605250459]
[2017-03-29 21:34:55] Installing org.eclipse.xtext.ui.codetemplates.ui [2.10.0.v201605250459]
[2017-03-29 21:34:55] Installing org.eclipse.xtext.ui.codetemplates.ui.source [2.10.0.v201605250459]
[2017-03-29 21:34:55] Installing org.eclipse.xtext.ui.ecore [2.10.0.v201605250459]
[2017-03-29 21:34:55] Installing org.eclipse.xtext.ui.ecore.source [2.10.0.v201605250459]
[2017-03-29 21:34:55] Installing org.eclipse.xtext.ui.feature.group [2.10.0.v201605250459]
[2017-03-29 21:34:55] Installing org.eclipse.xtext.ui.feature.jar [2.10.0.v201605250459]
[2017-03-29 21:34:55] Installing org.eclipse.xtext.ui.shared [2.10.0.v201605250459]
[2017-03-29 21:34:55] Installing org.eclipse.xtext.ui.shared.source [2.10.0.v201605250459]
[2017-03-29 21:34:55] Installing org.eclipse.xtext.ui.source [2.10.0.v201605250459]
[2017-03-29 21:34:55] Installing org.eclipse.xtext.ui.source.feature.group [2.10.0.v201605250459]
[2017-03-29 21:34:55] Installing org.eclipse.xtext.ui.source.feature.jar [2.10.0.v201605250459]
[2017-03-29 21:34:55] Installing org.eclipse.xtext.util [2.10.0.v201605250459]
[2017-03-29 21:34:55] Installing org.eclipse.xtext.util.source [2.10.0.v201605250459]
[2017-03-29 21:34:55] Installing org.eclipse.xtext.xbase [2.10.0.v201605250459]
[2017-03-29 21:34:55] Installing org.eclipse.xtext.xbase.feature.group [2.10.0.v201605250459]
[2017-03-29 21:34:55] Installing org.eclipse.xtext.xbase.feature.jar [2.10.0.v201605250459]
[2017-03-29 21:34:55] Installing org.eclipse.xtext.xbase.ide [2.10.0.v201605250459]
[2017-03-29 21:34:55] Installing org.eclipse.xtext.xbase.ide.source [2.10.0.v201605250459]
[2017-03-29 21:34:55] Installing org.eclipse.xtext.xbase.junit [2.10.0.v201605250459]
[2017-03-29 21:34:55] Installing org.eclipse.xtext.xbase.junit.source [2.10.0.v201605250459]
[2017-03-29 21:34:55] Installing org.eclipse.xtext.xbase.lib [2.10.0.v201605250459]
[2017-03-29 21:34:55] Installing org.eclipse.xtext.xbase.lib.feature.group [2.10.0.v201605250459]
[2017-03-29 21:34:55] Installing org.eclipse.xtext.xbase.lib.feature.jar [2.10.0.v201605250459]
[2017-03-29 21:34:55] Installing org.eclipse.xtext.xbase.lib.source [2.10.0.v201605250459]
[2017-03-29 21:34:55] Installing org.eclipse.xtext.xbase.lib.source.feature.group [2.10.0.v201605250459]
[2017-03-29 21:34:55] Installing org.eclipse.xtext.xbase.lib.source.feature.jar [2.10.0.v201605250459]
[2017-03-29 21:34:55] Installing org.eclipse.xtext.xbase.source [2.10.0.v201605250459]
[2017-03-29 21:34:55] Installing org.eclipse.xtext.xbase.source.feature.group [2.10.0.v201605250459]
[2017-03-29 21:34:55] Installing org.eclipse.xtext.xbase.source.feature.jar [2.10.0.v201605250459]
[2017-03-29 21:34:55] Installing org.eclipse.xtext.xbase.ui [2.10.0.v201605250459]
[2017-03-29 21:34:55] Installing org.eclipse.xtext.xbase.ui.source [2.10.0.v201605250459]
[2017-03-29 21:34:55] Installing org.eclipse.xtext.xtext.generator [2.10.0.v201605250459]
[2017-03-29 21:34:55] Installing org.eclipse.xtext.xtext.generator.source [2.10.0.v201605250459]
[2017-03-29 21:34:55] Installing org.eclipse.xtext.xtext.ui [2.10.0.v201605250459]
[2017-03-29 21:34:55] Installing org.eclipse.xtext.xtext.ui.examples [2.10.0.v201605250459]
[2017-03-29 21:34:55] Installing org.eclipse.xtext.xtext.ui.examples.source [2.10.0.v201605250459]
[2017-03-29 21:34:55] Installing org.eclipse.xtext.xtext.ui.feature.group [2.10.0.v201605250459]
[2017-03-29 21:34:55] Installing org.eclipse.xtext.xtext.ui.feature.jar [2.10.0.v201605250459]
[2017-03-29 21:34:55] Installing org.eclipse.xtext.xtext.ui.graph [2.10.0.v201605250459]
[2017-03-29 21:34:55] Installing org.eclipse.xtext.xtext.ui.graph.source [2.10.0.v201605250459]
[2017-03-29 21:34:55] Installing org.eclipse.xtext.xtext.ui.source [2.10.0.v201605250459]
[2017-03-29 21:34:55] Installing org.eclipse.xtext.xtext.ui.source.feature.group [2.10.0.v201605250459]
[2017-03-29 21:34:55] Installing org.eclipse.xtext.xtext.ui.source.feature.jar [2.10.0.v201605250459]
[2017-03-29 21:34:55] Installing org.eclipse.xtext.xtext.wizard [2.10.0.v201605250459]
[2017-03-29 21:34:55] Installing org.eclipse.xtext.xtext.wizard.source [2.10.0.v201605250459]
[2017-03-29 21:34:55] Installing org.gradle.toolingapi [2.14.1.v20160831165132]
[2017-03-29 21:34:55] Installing org.hamcrest.core [1.3.0.v201303031735]
[2017-03-29 21:34:55] Installing org.hamcrest.core.source [1.3.0.v201303031735]
[2017-03-29 21:34:55] Installing org.junit [4.12.0.v201504281640]
[2017-03-29 21:34:55] Installing org.junit.source [4.12.0.v201504281640]
[2017-03-29 21:34:55] Installing org.maven.ide.eclipse [1.7.0.20160603-1933]
[2017-03-29 21:34:55] Installing org.objectweb.asm [5.0.1.v201404251740]
[2017-03-29 21:34:55] Installing org.objectweb.asm.source [5.0.1.v201404251740]
[2017-03-29 21:34:55] Installing org.objectweb.asm.tree [5.0.1.v201404251740]
[2017-03-29 21:34:55] Installing org.objectweb.asm.tree.source [5.0.1.v201404251740]
[2017-03-29 21:34:55] Installing org.sat4j.core [2.3.5.v201308161310]
[2017-03-29 21:34:55] Installing org.sat4j.pb [2.3.5.v201404071733]
[2017-03-29 21:34:55] Installing org.slf4j.api [1.7.2.v20121108-1250]
[2017-03-29 21:34:55] Installing org.slf4j.impl.log4j12 [1.7.2.v20131105-2200]
[2017-03-29 21:34:55] Installing org.tukaani.xz [1.3.0.v201308270617]
[2017-03-29 21:34:55] Installing org.tukaani.xz.source [1.3.0.v201308270617]
[2017-03-29 21:34:55] Installing org.w3c.css.sac [1.3.1.v200903091627]
[2017-03-29 21:34:55] Installing org.w3c.css.sac.source [1.3.1.v200903091627]
[2017-03-29 21:34:55] Installing org.w3c.dom.events [3.0.0.draft20060413_v201105210656]
[2017-03-29 21:34:55] Installing org.w3c.dom.events.source [3.0.0.draft20060413_v201105210656]
[2017-03-29 21:34:55] Installing org.w3c.dom.smil [1.0.1.v200903091627]
[2017-03-29 21:34:55] Installing org.w3c.dom.smil.source [1.0.1.v200903091627]
[2017-03-29 21:34:55] Installing org.w3c.dom.svg [1.1.0.v201011041433]
[2017-03-29 21:34:55] Installing org.w3c.dom.svg.source [1.1.0.v201011041433]
[2017-03-29 21:34:55] Installing tooling.org.eclipse.update.feature.default [1.0.0]
[2017-03-29 21:34:55] Installing tooling.osgi.bundle.default [1.0.0]
[2017-03-29 21:34:55] Installing tooling.source.default [1.0.0]
[2017-03-29 21:34:55] Installing toolingepp.package.dsl.application [4.6.3.20170314-1500]
[2017-03-29 21:34:55] Installing toolingepp.package.dsl.config.gtk.linux.x86_64 [4.6.3.20170314-1500]
[2017-03-29 21:34:55] Installing toolingepp.package.dsl.configuration [4.6.3.20170314-1500]
[2017-03-29 21:34:55] Installing toolingepp.package.dsl.executable.gtk.linux.x86_64 [4.6.3.20170314-1500]
[2017-03-29 21:34:55] Installing toolingepp.package.dsl.ini.gtk.linux.x86_64 [4.6.3.20170314-1500]
[2017-03-29 21:34:55] Installing toolinggtk.linux.x86_64org.eclipse.core.runtime [4.6.3.M20170301-0400]
[2017-03-29 21:34:55] Installing toolinggtk.linux.x86_64org.eclipse.equinox.common [4.6.3.M20170301-0400]
[2017-03-29 21:34:55] Installing toolinggtk.linux.x86_64org.eclipse.equinox.ds [4.6.3.M20170301-0400]
[2017-03-29 21:34:55] Installing toolinggtk.linux.x86_64org.eclipse.equinox.event [4.6.3.M20170301-0400]
[2017-03-29 21:34:55] Installing toolinggtk.linux.x86_64org.eclipse.equinox.p2.reconciler.dropins [4.6.3.M20170301-0400]
[2017-03-29 21:34:55] Installing toolinggtk.linux.x86_64org.eclipse.equinox.simpleconfigurator [4.6.3.M20170301-0400]
[2017-03-29 21:34:55] Installing toolinggtk.linux.x86_64org.eclipse.update.configurator [4.6.3.M20170301-0400]
[2017-03-29 21:34:55] Installing toolingorg.eclipse.equinox.launcher [1.3.201.v20161025-1711]
[2017-03-29 21:34:55] Installing toolingorg.eclipse.equinox.launcher.gtk.linux.x86_64 [1.1.401.v20161122-1740]
[2017-03-29 21:34:55] Installing toolingorg.eclipse.platform.configuration [1.0.0]
[2017-03-29 21:34:55] Installing toolingorg.eclipse.platform.ide.application [4.6.3.M20170301-0400]
[2017-03-29 21:34:55] Installing toolingorg.eclipse.platform.ide.config.gtk.linux.x86_64 [4.6.3.M20170301-0400]
[2017-03-29 21:34:55] Installing toolingorg.eclipse.platform.ide.configuration [4.6.3.M20170301-0400]
[2017-03-29 21:34:55] Installing toolingorg.eclipse.platform.ide.executable.gtk.linux.x86_64 [4.6.3.M20170301-0400]
[2017-03-29 21:34:55] Installing toolingorg.eclipse.platform.ide.ini.gtk.linux.x86_64 [4.6.3.M20170301-0400]
[2017-03-29 21:34:56] Preparing to commit the provisioning operation.
[2017-03-29 21:34:56] Committing the provisioning operation.
[2017-03-29 21:34:56] Performing Eclipse Ini --launcher.appendVmargs
[2017-03-29 21:34:56] Performing Eclipse Ini -vm /usr/local/java/jdk1.8.0_66/jre/bin
[2017-03-29 21:34:56] Changing /home/rmemory/xtext_eclipse/dsl-neon/eclipse/eclipse.ini (-vm /usr/local/java/jdk1.8.0_66/jre/bin)
[2017-03-29 21:34:56] Performing Eclipse Ini -Declipse.p2.max.threads=10
[2017-03-29 21:34:56] Changing /home/rmemory/xtext_eclipse/dsl-neon/eclipse/eclipse.ini (-Declipse.p2.max.threads=10)
[2017-03-29 21:34:56] Performing Eclipse Ini -Doomph.update.url=http://download.eclipse.org/oomph/updates/milestone/latest
[2017-03-29 21:34:56] Changing /home/rmemory/xtext_eclipse/dsl-neon/eclipse/eclipse.ini (-Doomph.update.url=http://download.eclipse.org/oomph/updates/milestone/latest)
[2017-03-29 21:34:56] Performing Eclipse Ini -Doomph.redirection.index.redirection=index:/->http://git.eclipse.org/c/oomph/org.eclipse.oomph.git/plain/setups/
[2017-03-29 21:34:56] Changing /home/rmemory/xtext_eclipse/dsl-neon/eclipse/eclipse.ini (-Doomph.redirection.index.redirection=index:/->http://git.eclipse.org/c/oomph/org.eclipse.oomph.git/plain/setups/)
[2017-03-29 21:34:56] Performing post bootstrap tasks
[2017-03-29 21:34:56] 
